# JRE version: OpenJDK Runtime Environment Temurin-17.0.4.1+1 (17.0.4.1+1) (build 17.0.4.1+1)
# Java VM: OpenJDK 64-Bit Server VM Temurin-17.0.4.1+1 (17.0.4.1+1, mixed mode, tiered, compressed oops, compressed class ptrs, g1 gc, windows-amd64)
GC Precious Log:
 CPUs: 4 total, 4 available
 Memory: 8073M
 Large Page Support: Disabled
 NUMA Support: Disabled
 Compressed Oops: Enabled (32-bit)
 Heap Region Size: 1M
 Heap Min Capacity: 8M
 Heap Initial Capacity: 128M
 Heap Max Capacity: 2020M
 Pre-touch: Disabled
 Parallel Workers: 4
 Concurrent Workers: 1
 Concurrent Refinement Workers: 4
 Periodic GC: Disabled
Heap:
 garbage-first heap   total 166912K, used 143791K [0x0000000081c00000, 0x0000000100000000)
  region size 1024K, 24 young (24576K), 3 survivors (3072K)
 Metaspace       used 111484K, committed 112320K, reserved 1146880K
  class space    used 14376K, committed 14784K, reserved 1048576K
GC Heap History (20 events):
Event: 62.661 GC heap after
{Heap after GC invocations=59 (full 0):
 garbage-first heap   total 166912K, used 102479K [0x0000000081c00000, 0x0000000100000000)
  region size 1024K, 6 young (6144K), 6 survivors (6144K)
 Metaspace       used 111174K, committed 111872K, reserved 1146880K
  class space    used 14369K, committed 14720K, reserved 1048576K
}
Event: 63.580 GC heap before
{Heap before GC invocations=59 (full 0):
 garbage-first heap   total 166912K, used 139343K [0x0000000081c00000, 0x0000000100000000)
  region size 1024K, 43 young (44032K), 6 survivors (6144K)
 Metaspace       used 111181K, committed 111872K, reserved 1146880K
  class space    used 14369K, committed 14720K, reserved 1048576K
}
Event: 63.591 GC heap after
{Heap after GC invocations=60 (full 0):
 garbage-first heap   total 166912K, used 105411K [0x0000000081c00000, 0x0000000100000000)
  region size 1024K, 6 young (6144K), 6 survivors (6144K)
 Metaspace       used 111181K, committed 111872K, reserved 1146880K
  class space    used 14369K, committed 14720K, reserved 1048576K
}
Event: 64.111 GC heap before
{Heap before GC invocations=60 (full 0):
 garbage-first heap   total 166912K, used 141251K [0x0000000081c00000, 0x0000000100000000)
  region size 1024K, 41 young (41984K), 6 survivors (6144K)
 Metaspace       used 111194K, committed 111872K, reserved 1146880K
  class space    used 14370K, committed 14720K, reserved 1048576K
}
Event: 64.120 GC heap after
{Heap after GC invocations=61 (full 0):
 garbage-first heap   total 166912K, used 107878K [0x0000000081c00000, 0x0000000100000000)
  region size 1024K, 6 young (6144K), 6 survivors (6144K)
 Metaspace       used 111194K, committed 111872K, reserved 1146880K
  class space    used 14370K, committed 14720K, reserved 1048576K
}
Event: 64.887 GC heap before
{Heap before GC invocations=61 (full 0):
 garbage-first heap   total 166912K, used 140646K [0x0000000081c00000, 0x0000000100000000)
  region size 1024K, 38 young (38912K), 6 survivors (6144K)
 Metaspace       used 111231K, committed 112064K, reserved 1146880K
  class space    used 14374K, committed 14784K, reserved 1048576K
}
Event: 64.895 GC heap after
{Heap after GC invocations=62 (full 0):
 garbage-first heap   total 166912K, used 109661K [0x0000000081c00000, 0x0000000100000000)
  region size 1024K, 5 young (5120K), 5 survivors (5120K)
 Metaspace       used 111231K, committed 112064K, reserved 1146880K
  class space    used 14374K, committed 14784K, reserved 1048576K
}
Event: 65.640 GC heap before
{Heap before GC invocations=62 (full 0):
 garbage-first heap   total 166912K, used 141405K [0x0000000081c00000, 0x0000000100000000)
  region size 1024K, 36 young (36864K), 5 survivors (5120K)
 Metaspace       used 111275K, committed 112064K, reserved 1146880K
  class space    used 14374K, committed 14784K, reserved 1048576K
}
Event: 65.647 GC heap after
{Heap after GC invocations=63 (full 0):
 garbage-first heap   total 166912K, used 111872K [0x0000000081c00000, 0x0000000100000000)
  region size 1024K, 4 young (4096K), 4 survivors (4096K)
 Metaspace       used 111275K, committed 112064K, reserved 1146880K
  class space    used 14374K, committed 14784K, reserved 1048576K
}
Event: 66.560 GC heap before
{Heap before GC invocations=63 (full 0):
 garbage-first heap   total 166912K, used 142592K [0x0000000081c00000, 0x0000000100000000)
  region size 1024K, 34 young (34816K), 4 survivors (4096K)
 Metaspace       used 111301K, committed 112128K, reserved 1146880K
  class space    used 14375K, committed 14784K, reserved 1048576K
}
Event: 66.569 GC heap after
{Heap after GC invocations=64 (full 0):
 garbage-first heap   total 166912K, used 113664K [0x0000000081c00000, 0x0000000100000000)
  region size 1024K, 4 young (4096K), 4 survivors (4096K)
 Metaspace       used 111301K, committed 112128K, reserved 1146880K
  class space    used 14375K, committed 14784K, reserved 1048576K
}
Event: 67.599 GC heap before
{Heap before GC invocations=64 (full 0):
 garbage-first heap   total 166912K, used 143360K [0x0000000081c00000, 0x0000000100000000)
  region size 1024K, 33 young (33792K), 4 survivors (4096K)
 Metaspace       used 111343K, committed 112128K, reserved 1146880K
  class space    used 14375K, committed 14784K, reserved 1048576K
}
Event: 67.607 GC heap after
{Heap after GC invocations=65 (full 0):
 garbage-first heap   total 166912K, used 115295K [0x0000000081c00000, 0x0000000100000000)
  region size 1024K, 4 young (4096K), 4 survivors (4096K)
 Metaspace       used 111343K, committed 112128K, reserved 1146880K
  class space    used 14375K, committed 14784K, reserved 1048576K
}
Event: 68.387 GC heap before
{Heap before GC invocations=65 (full 0):
 garbage-first heap   total 166912K, used 142943K [0x0000000081c00000, 0x0000000100000000)
  region size 1024K, 31 young (31744K), 4 survivors (4096K)
 Metaspace       used 111386K, committed 112192K, reserved 1146880K
  class space    used 14375K, committed 14784K, reserved 1048576K
}
Event: 68.397 GC heap after
{Heap after GC invocations=66 (full 0):
 garbage-first heap   total 166912K, used 117834K [0x0000000081c00000, 0x0000000100000000)
  region size 1024K, 4 young (4096K), 4 survivors (4096K)
 Metaspace       used 111386K, committed 112192K, reserved 1146880K
  class space    used 14375K, committed 14784K, reserved 1048576K
}
Event: 68.911 GC heap before
{Heap before GC invocations=66 (full 0):
 garbage-first heap   total 166912K, used 142410K [0x0000000081c00000, 0x0000000100000000)
  region size 1024K, 28 young (28672K), 4 survivors (4096K)
 Metaspace       used 111455K, committed 112256K, reserved 1146880K
  class space    used 14376K, committed 14784K, reserved 1048576K
}
Event: 68.922 GC heap after
{Heap after GC invocations=67 (full 0):
 garbage-first heap   total 166912K, used 120802K [0x0000000081c00000, 0x0000000100000000)
  region size 1024K, 3 young (3072K), 3 survivors (3072K)
 Metaspace       used 111455K, committed 112256K, reserved 1146880K
  class space    used 14376K, committed 14784K, reserved 1048576K
}
Event: 69.497 GC heap before
{Heap before GC invocations=67 (full 0):
 garbage-first heap   total 166912K, used 143330K [0x0000000081c00000, 0x0000000100000000)
  region size 1024K, 25 young (25600K), 3 survivors (3072K)
 Metaspace       used 111472K, committed 112256K, reserved 1146880K
  class space    used 14376K, committed 14784K, reserved 1048576K
}
Event: 69.506 GC heap after
{Heap after GC invocations=68 (full 0):
 garbage-first heap   total 166912K, used 122287K [0x0000000081c00000, 0x0000000100000000)
  region size 1024K, 2 young (2048K), 2 survivors (2048K)
 Metaspace       used 111472K, committed 112256K, reserved 1146880K
  class space    used 14376K, committed 14784K, reserved 1048576K
}
Event: 69.718 GC heap before
{Heap before GC invocations=68 (full 0):
 garbage-first heap   total 166912K, used 143791K [0x0000000081c00000, 0x0000000100000000)
  region size 1024K, 23 young (23552K), 2 survivors (2048K)
 Metaspace       used 111484K, committed 112320K, reserved 1146880K
  class space    used 14376K, committed 14784K, reserved 1048576K
}

