# JRE version: OpenJDK Runtime Environment Temurin-17.0.4.1+1 (17.0.4.1+1) (build 17.0.4.1+1)
# Java VM: OpenJDK 64-Bit Server VM Temurin-17.0.4.1+1 (17.0.4.1+1, mixed mode, tiered, compressed oops, compressed class ptrs, g1 gc, windows-amd64)
GC Precious Log:
 CPUs: 4 total, 4 available
 Memory: 8073M
 Large Page Support: Disabled
 NUMA Support: Disabled
 Compressed Oops: Enabled (32-bit)
 Heap Region Size: 1M
 Heap Min Capacity: 8M
 Heap Initial Capacity: 128M
 Heap Max Capacity: 2020M
 Pre-touch: Disabled
 Parallel Workers: 4
 Concurrent Workers: 1
 Concurrent Refinement Workers: 4
 Periodic GC: Disabled
Heap:
 garbage-first heap   total 82944K, used 67736K [0x0000000081c00000, 0x0000000100000000)
  region size 1024K, 35 young (35840K), 4 survivors (4096K)
 Metaspace       used 49839K, committed 50112K, reserved 1097728K
  class space    used 5849K, committed 5952K, reserved 1048576K
GC Heap History (20 events):
Event: 7.976 GC heap after
{Heap after GC invocations=11 (full 0):
 garbage-first heap   total 68608K, used 23683K [0x0000000081c00000, 0x0000000100000000)
  region size 1024K, 1 young (1024K), 1 survivors (1024K)
 Metaspace       used 35859K, committed 36096K, reserved 1081344K
  class space    used 3956K, committed 4032K, reserved 1048576K
}
Event: 8.474 GC heap before
{Heap before GC invocations=12 (full 0):
 garbage-first heap   total 68608K, used 52355K [0x0000000081c00000, 0x0000000100000000)
  region size 1024K, 30 young (30720K), 1 survivors (1024K)
 Metaspace       used 37813K, committed 38144K, reserved 1089536K
  class space    used 4271K, committed 4416K, reserved 1048576K
}
Event: 8.480 GC heap after
{Heap after GC invocations=13 (full 0):
 garbage-first heap   total 68608K, used 24943K [0x0000000081c00000, 0x0000000100000000)
  region size 1024K, 3 young (3072K), 3 survivors (3072K)
 Metaspace       used 37813K, committed 38144K, reserved 1089536K
  class space    used 4271K, committed 4416K, reserved 1048576K
}
Event: 8.817 GC heap before
{Heap before GC invocations=13 (full 0):
 garbage-first heap   total 68608K, used 52591K [0x0000000081c00000, 0x0000000100000000)
  region size 1024K, 31 young (31744K), 3 survivors (3072K)
 Metaspace       used 40058K, committed 40384K, reserved 1089536K
  class space    used 4470K, committed 4608K, reserved 1048576K
}
Event: 8.821 GC heap after
{Heap after GC invocations=14 (full 0):
 garbage-first heap   total 68608K, used 25570K [0x0000000081c00000, 0x0000000100000000)
  region size 1024K, 2 young (2048K), 2 survivors (2048K)
 Metaspace       used 40058K, committed 40384K, reserved 1089536K
  class space    used 4470K, committed 4608K, reserved 1048576K
}
Event: 9.168 GC heap before
{Heap before GC invocations=14 (full 0):
 garbage-first heap   total 68608K, used 55266K [0x0000000081c00000, 0x0000000100000000)
  region size 1024K, 32 young (32768K), 2 survivors (2048K)
 Metaspace       used 41590K, committed 41856K, reserved 1089536K
  class space    used 4684K, committed 4800K, reserved 1048576K
}
Event: 9.174 GC heap after
{Heap after GC invocations=15 (full 0):
 garbage-first heap   total 82944K, used 26687K [0x0000000081c00000, 0x0000000100000000)
  region size 1024K, 4 young (4096K), 4 survivors (4096K)
 Metaspace       used 41590K, committed 41856K, reserved 1089536K
  class space    used 4684K, committed 4800K, reserved 1048576K
}
Event: 10.121 GC heap before
{Heap before GC invocations=15 (full 0):
 garbage-first heap   total 82944K, used 66623K [0x0000000081c00000, 0x0000000100000000)
  region size 1024K, 43 young (44032K), 4 survivors (4096K)
 Metaspace       used 42032K, committed 42304K, reserved 1089536K
  class space    used 4744K, committed 4864K, reserved 1048576K
}
Event: 10.128 GC heap after
{Heap after GC invocations=16 (full 0):
 garbage-first heap   total 82944K, used 29178K [0x0000000081c00000, 0x0000000100000000)
  region size 1024K, 6 young (6144K), 6 survivors (6144K)
 Metaspace       used 42032K, committed 42304K, reserved 1089536K
  class space    used 4744K, committed 4864K, reserved 1048576K
}
Event: 10.743 GC heap before
{Heap before GC invocations=16 (full 0):
 garbage-first heap   total 82944K, used 66042K [0x0000000081c00000, 0x0000000100000000)
  region size 1024K, 43 young (44032K), 6 survivors (6144K)
 Metaspace       used 43086K, committed 43328K, reserved 1089536K
  class space    used 4831K, committed 4928K, reserved 1048576K
}
Event: 10.752 GC heap after
{Heap after GC invocations=17 (full 0):
 garbage-first heap   total 82944K, used 31506K [0x0000000081c00000, 0x0000000100000000)
  region size 1024K, 5 young (5120K), 5 survivors (5120K)
 Metaspace       used 43086K, committed 43328K, reserved 1089536K
  class space    used 4831K, committed 4928K, reserved 1048576K
}
Event: 11.504 GC heap before
{Heap before GC invocations=17 (full 0):
 garbage-first heap   total 82944K, used 67346K [0x0000000081c00000, 0x0000000100000000)
  region size 1024K, 40 young (40960K), 5 survivors (5120K)
 Metaspace       used 44630K, committed 44928K, reserved 1089536K
  class space    used 5005K, committed 5120K, reserved 1048576K
}
Event: 11.511 GC heap after
{Heap after GC invocations=18 (full 0):
 garbage-first heap   total 82944K, used 32767K [0x0000000081c00000, 0x0000000100000000)
  region size 1024K, 4 young (4096K), 4 survivors (4096K)
 Metaspace       used 44630K, committed 44928K, reserved 1089536K
  class space    used 5005K, committed 5120K, reserved 1048576K
}
Event: 12.246 GC heap before
{Heap before GC invocations=18 (full 0):
 garbage-first heap   total 82944K, used 66559K [0x0000000081c00000, 0x0000000100000000)
  region size 1024K, 37 young (37888K), 4 survivors (4096K)
 Metaspace       used 45683K, committed 45952K, reserved 1097728K
  class space    used 5167K, committed 5312K, reserved 1048576K
}
Event: 12.254 GC heap after
{Heap after GC invocations=19 (full 0):
 garbage-first heap   total 82944K, used 33647K [0x0000000081c00000, 0x0000000100000000)
  region size 1024K, 3 young (3072K), 3 survivors (3072K)
 Metaspace       used 45683K, committed 45952K, reserved 1097728K
  class space    used 5167K, committed 5312K, reserved 1048576K
}
Event: 13.163 GC heap before
{Heap before GC invocations=19 (full 0):
 garbage-first heap   total 82944K, used 66415K [0x0000000081c00000, 0x0000000100000000)
  region size 1024K, 35 young (35840K), 3 survivors (3072K)
 Metaspace       used 47169K, committed 47424K, reserved 1097728K
  class space    used 5393K, committed 5504K, reserved 1048576K
}
Event: 13.170 GC heap after
{Heap after GC invocations=20 (full 0):
 garbage-first heap   total 82944K, used 34787K [0x0000000081c00000, 0x0000000100000000)
  region size 1024K, 4 young (4096K), 4 survivors (4096K)
 Metaspace       used 47169K, committed 47424K, reserved 1097728K
  class space    used 5393K, committed 5504K, reserved 1048576K
}
Event: 14.062 GC heap before
{Heap before GC invocations=20 (full 0):
 garbage-first heap   total 82944K, used 67555K [0x0000000081c00000, 0x0000000100000000)
  region size 1024K, 36 young (36864K), 4 survivors (4096K)
 Metaspace       used 48735K, committed 49024K, reserved 1097728K
  class space    used 5700K, committed 5824K, reserved 1048576K
}
Event: 14.070 GC heap after
{Heap after GC invocations=21 (full 0):
 garbage-first heap   total 82944K, used 35992K [0x0000000081c00000, 0x0000000100000000)
  region size 1024K, 3 young (3072K), 3 survivors (3072K)
 Metaspace       used 48735K, committed 49024K, reserved 1097728K
  class space    used 5700K, committed 5824K, reserved 1048576K
}
Event: 14.871 GC heap before
{Heap before GC invocations=21 (full 0):
 garbage-first heap   total 82944K, used 67736K [0x0000000081c00000, 0x0000000100000000)
  region size 1024K, 34 young (34816K), 3 survivors (3072K)
 Metaspace       used 49839K, committed 50112K, reserved 1097728K
  class space    used 5849K, committed 5952K, reserved 1048576K
}

