# JRE version: Java(TM) SE Runtime Environment (17.0.2+8) (build 17.0.2+8-LTS-86)
# Java VM: Java HotSpot(TM) 64-Bit Server VM (17.0.2+8-LTS-86, mixed mode, emulated-client, sharing, tiered, compressed oops, compressed class ptrs, g1 gc, windows-amd64)
GC Precious Log:
 CPUs: 4 total, 4 available
 Memory: 8073M
 Large Page Support: Disabled
 NUMA Support: Disabled
 Compressed Oops: Enabled (32-bit)
 Heap Region Size: 1M
 Heap Min Capacity: 8M
 Heap Initial Capacity: 128M
 Heap Max Capacity: 2020M
 Pre-touch: Disabled
 Parallel Workers: 4
 Concurrent Workers: 1
 Concurrent Refinement Workers: 4
 Periodic GC: Disabled
Heap:
 garbage-first heap   total 181248K, used 90058K [0x0000000081c00000, 0x0000000100000000)
  region size 1024K, 32 young (32768K), 8 survivors (8192K)
 Metaspace       used 60445K, committed 60928K, reserved 1105920K
  class space    used 8409K, committed 8640K, reserved 1048576K
GC Heap History (20 events):
Event: 18.003 GC heap before
{Heap before GC invocations=29 (full 0):
 garbage-first heap   total 150528K, used 126380K [0x0000000081c00000, 0x0000000100000000)
  region size 1024K, 73 young (74752K), 4 survivors (4096K)
 Metaspace       used 48169K, committed 48576K, reserved 1097728K
  class space    used 6583K, committed 6784K, reserved 1048576K
}
Event: 18.009 GC heap after
{Heap after GC invocations=30 (full 0):
 garbage-first heap   total 150528K, used 56636K [0x0000000081c00000, 0x0000000100000000)
  region size 1024K, 5 young (5120K), 5 survivors (5120K)
 Metaspace       used 48169K, committed 48576K, reserved 1097728K
  class space    used 6583K, committed 6784K, reserved 1048576K
}
Event: 18.689 GC heap before
{Heap before GC invocations=30 (full 0):
 garbage-first heap   total 150528K, used 127292K [0x0000000081c00000, 0x0000000100000000)
  region size 1024K, 74 young (75776K), 5 survivors (5120K)
 Metaspace       used 48183K, committed 48640K, reserved 1097728K
  class space    used 6588K, committed 6784K, reserved 1048576K
}
Event: 18.696 GC heap after
{Heap after GC invocations=31 (full 0):
 garbage-first heap   total 150528K, used 57972K [0x0000000081c00000, 0x0000000100000000)
  region size 1024K, 6 young (6144K), 6 survivors (6144K)
 Metaspace       used 48183K, committed 48640K, reserved 1097728K
  class space    used 6588K, committed 6784K, reserved 1048576K
}
Event: 19.279 GC heap before
{Heap before GC invocations=31 (full 0):
 garbage-first heap   total 150528K, used 130676K [0x0000000081c00000, 0x0000000100000000)
  region size 1024K, 75 young (76800K), 6 survivors (6144K)
 Metaspace       used 48183K, committed 48640K, reserved 1097728K
  class space    used 6588K, committed 6784K, reserved 1048576K
}
Event: 19.286 GC heap after
{Heap after GC invocations=32 (full 0):
 garbage-first heap   total 150528K, used 58918K [0x0000000081c00000, 0x0000000100000000)
  region size 1024K, 6 young (6144K), 6 survivors (6144K)
 Metaspace       used 48183K, committed 48640K, reserved 1097728K
  class space    used 6588K, committed 6784K, reserved 1048576K
}
Event: 19.783 GC heap before
{Heap before GC invocations=32 (full 0):
 garbage-first heap   total 150528K, used 127526K [0x0000000081c00000, 0x0000000100000000)
  region size 1024K, 73 young (74752K), 6 survivors (6144K)
 Metaspace       used 48183K, committed 48640K, reserved 1097728K
  class space    used 6588K, committed 6784K, reserved 1048576K
}
Event: 19.790 GC heap after
{Heap after GC invocations=33 (full 0):
 garbage-first heap   total 150528K, used 59726K [0x0000000081c00000, 0x0000000100000000)
  region size 1024K, 6 young (6144K), 6 survivors (6144K)
 Metaspace       used 48183K, committed 48640K, reserved 1097728K
  class space    used 6588K, committed 6784K, reserved 1048576K
}
Event: 20.192 GC heap before
{Heap before GC invocations=33 (full 0):
 garbage-first heap   total 150528K, used 128334K [0x0000000081c00000, 0x0000000100000000)
  region size 1024K, 73 young (74752K), 6 survivors (6144K)
 Metaspace       used 48183K, committed 48640K, reserved 1097728K
  class space    used 6588K, committed 6784K, reserved 1048576K
}
Event: 20.199 GC heap after
{Heap after GC invocations=34 (full 0):
 garbage-first heap   total 150528K, used 59635K [0x0000000081c00000, 0x0000000100000000)
  region size 1024K, 5 young (5120K), 5 survivors (5120K)
 Metaspace       used 48183K, committed 48640K, reserved 1097728K
  class space    used 6588K, committed 6784K, reserved 1048576K
}
Event: 20.597 GC heap before
{Heap before GC invocations=34 (full 0):
 garbage-first heap   total 150528K, used 138483K [0x0000000081c00000, 0x0000000100000000)
  region size 1024K, 73 young (74752K), 5 survivors (5120K)
 Metaspace       used 48183K, committed 48640K, reserved 1097728K
  class space    used 6588K, committed 6784K, reserved 1048576K
}
Event: 20.604 GC heap after
{Heap after GC invocations=35 (full 0):
 garbage-first heap   total 181248K, used 60387K [0x0000000081c00000, 0x0000000100000000)
  region size 1024K, 6 young (6144K), 6 survivors (6144K)
 Metaspace       used 48183K, committed 48640K, reserved 1097728K
  class space    used 6588K, committed 6784K, reserved 1048576K
}
Event: 21.188 GC heap before
{Heap before GC invocations=35 (full 0):
 garbage-first heap   total 181248K, used 155619K [0x0000000081c00000, 0x0000000100000000)
  region size 1024K, 99 young (101376K), 6 survivors (6144K)
 Metaspace       used 48183K, committed 48640K, reserved 1097728K
  class space    used 6588K, committed 6784K, reserved 1048576K
}
Event: 21.195 GC heap after
{Heap after GC invocations=36 (full 0):
 garbage-first heap   total 181248K, used 61428K [0x0000000081c00000, 0x0000000100000000)
  region size 1024K, 7 young (7168K), 7 survivors (7168K)
 Metaspace       used 48183K, committed 48640K, reserved 1097728K
  class space    used 6588K, committed 6784K, reserved 1048576K
}
Event: 21.780 GC heap before
{Heap before GC invocations=36 (full 0):
 garbage-first heap   total 181248K, used 154612K [0x0000000081c00000, 0x0000000100000000)
  region size 1024K, 98 young (100352K), 7 survivors (7168K)
 Metaspace       used 48191K, committed 48640K, reserved 1097728K
  class space    used 6592K, committed 6784K, reserved 1048576K
}
Event: 21.787 GC heap after
{Heap after GC invocations=37 (full 0):
 garbage-first heap   total 181248K, used 61683K [0x0000000081c00000, 0x0000000100000000)
  region size 1024K, 7 young (7168K), 7 survivors (7168K)
 Metaspace       used 48191K, committed 48640K, reserved 1097728K
  class space    used 6592K, committed 6784K, reserved 1048576K
}
Event: 28.113 GC heap before
{Heap before GC invocations=37 (full 0):
 garbage-first heap   total 181248K, used 154867K [0x0000000081c00000, 0x0000000100000000)
  region size 1024K, 98 young (100352K), 7 survivors (7168K)
 Metaspace       used 55113K, committed 55552K, reserved 1097728K
  class space    used 7603K, committed 7808K, reserved 1048576K
}
Event: 28.123 GC heap after
{Heap after GC invocations=38 (full 0):
 garbage-first heap   total 181248K, used 64632K [0x0000000081c00000, 0x0000000100000000)
  region size 1024K, 10 young (10240K), 10 survivors (10240K)
 Metaspace       used 55113K, committed 55552K, reserved 1097728K
  class space    used 7603K, committed 7808K, reserved 1048576K
}
Event: 28.882 GC heap before
{Heap before GC invocations=38 (full 0):
 garbage-first heap   total 181248K, used 137336K [0x0000000081c00000, 0x0000000100000000)
  region size 1024K, 82 young (83968K), 10 survivors (10240K)
 Metaspace       used 60348K, committed 60800K, reserved 1105920K
  class space    used 8391K, committed 8576K, reserved 1048576K
}
Event: 28.895 GC heap after
{Heap after GC invocations=39 (full 0):
 garbage-first heap   total 181248K, used 66506K [0x0000000081c00000, 0x0000000100000000)
  region size 1024K, 8 young (8192K), 8 survivors (8192K)
 Metaspace       used 60348K, committed 60800K, reserved 1105920K
  class space    used 8391K, committed 8576K, reserved 1048576K
}

