# JRE version: OpenJDK Runtime Environment Temurin-17.0.4.1+1 (17.0.4.1+1) (build 17.0.4.1+1)
# Java VM: OpenJDK 64-Bit Server VM Temurin-17.0.4.1+1 (17.0.4.1+1, mixed mode, tiered, compressed oops, compressed class ptrs, g1 gc, windows-amd64)
GC Precious Log:
 CPUs: 4 total, 4 available
 Memory: 8073M
 Large Page Support: Disabled
 NUMA Support: Disabled
 Compressed Oops: Enabled (32-bit)
 Heap Region Size: 1M
 Heap Min Capacity: 8M
 Heap Initial Capacity: 128M
 Heap Max Capacity: 2020M
 Pre-touch: Disabled
 Parallel Workers: 4
 Concurrent Workers: 1
 Concurrent Refinement Workers: 4
 Periodic GC: Disabled
Heap:
 garbage-first heap   total 164864K, used 132181K [0x0000000081c00000, 0x0000000100000000)
  region size 1024K, 82 young (83968K), 7 survivors (7168K)
 Metaspace       used 57344K, committed 57664K, reserved 1105920K
  class space    used 7171K, committed 7296K, reserved 1048576K
GC Heap History (20 events):
Event: 19.444 GC heap before
{Heap before GC invocations=28 (full 0):
 garbage-first heap   total 137216K, used 114984K [0x0000000081c00000, 0x0000000100000000)
  region size 1024K, 67 young (68608K), 3 survivors (3072K)
 Metaspace       used 53693K, committed 54016K, reserved 1097728K
  class space    used 6630K, committed 6784K, reserved 1048576K
}
Event: 19.450 GC heap after
{Heap after GC invocations=29 (full 0):
 garbage-first heap   total 137216K, used 50062K [0x0000000081c00000, 0x0000000100000000)
  region size 1024K, 4 young (4096K), 4 survivors (4096K)
 Metaspace       used 53693K, committed 54016K, reserved 1097728K
  class space    used 6630K, committed 6784K, reserved 1048576K
}
Event: 20.106 GC heap before
{Heap before GC invocations=29 (full 0):
 garbage-first heap   total 137216K, used 114574K [0x0000000081c00000, 0x0000000100000000)
  region size 1024K, 67 young (68608K), 4 survivors (4096K)
 Metaspace       used 53693K, committed 54016K, reserved 1097728K
  class space    used 6631K, committed 6784K, reserved 1048576K
}
Event: 20.111 GC heap after
{Heap after GC invocations=30 (full 0):
 garbage-first heap   total 137216K, used 50318K [0x0000000081c00000, 0x0000000100000000)
  region size 1024K, 4 young (4096K), 4 survivors (4096K)
 Metaspace       used 53693K, committed 54016K, reserved 1097728K
  class space    used 6631K, committed 6784K, reserved 1048576K
}
Event: 21.007 GC heap before
{Heap before GC invocations=30 (full 0):
 garbage-first heap   total 137216K, used 115854K [0x0000000081c00000, 0x0000000100000000)
  region size 1024K, 68 young (69632K), 4 survivors (4096K)
 Metaspace       used 53693K, committed 54016K, reserved 1097728K
  class space    used 6631K, committed 6784K, reserved 1048576K
}
Event: 21.013 GC heap after
{Heap after GC invocations=31 (full 0):
 garbage-first heap   total 137216K, used 51246K [0x0000000081c00000, 0x0000000100000000)
  region size 1024K, 5 young (5120K), 5 survivors (5120K)
 Metaspace       used 53693K, committed 54016K, reserved 1097728K
  class space    used 6631K, committed 6784K, reserved 1048576K
}
Event: 21.653 GC heap before
{Heap before GC invocations=31 (full 0):
 garbage-first heap   total 137216K, used 115758K [0x0000000081c00000, 0x0000000100000000)
  region size 1024K, 69 young (70656K), 5 survivors (5120K)
 Metaspace       used 53705K, committed 54016K, reserved 1097728K
  class space    used 6636K, committed 6784K, reserved 1048576K
}
Event: 21.660 GC heap after
{Heap after GC invocations=32 (full 0):
 garbage-first heap   total 137216K, used 52793K [0x0000000081c00000, 0x0000000100000000)
  region size 1024K, 6 young (6144K), 6 survivors (6144K)
 Metaspace       used 53705K, committed 54016K, reserved 1097728K
  class space    used 6636K, committed 6784K, reserved 1048576K
}
Event: 22.369 GC heap before
{Heap before GC invocations=32 (full 0):
 garbage-first heap   total 137216K, used 118329K [0x0000000081c00000, 0x0000000100000000)
  region size 1024K, 68 young (69632K), 6 survivors (6144K)
 Metaspace       used 53705K, committed 54016K, reserved 1097728K
  class space    used 6636K, committed 6784K, reserved 1048576K
}
Event: 22.376 GC heap after
{Heap after GC invocations=33 (full 0):
 garbage-first heap   total 137216K, used 53815K [0x0000000081c00000, 0x0000000100000000)
  region size 1024K, 6 young (6144K), 6 survivors (6144K)
 Metaspace       used 53705K, committed 54016K, reserved 1097728K
  class space    used 6636K, committed 6784K, reserved 1048576K
}
Event: 22.864 GC heap before
{Heap before GC invocations=33 (full 0):
 garbage-first heap   total 137216K, used 116279K [0x0000000081c00000, 0x0000000100000000)
  region size 1024K, 67 young (68608K), 6 survivors (6144K)
 Metaspace       used 53705K, committed 54016K, reserved 1097728K
  class space    used 6636K, committed 6784K, reserved 1048576K
}
Event: 22.870 GC heap after
{Heap after GC invocations=34 (full 0):
 garbage-first heap   total 137216K, used 53911K [0x0000000081c00000, 0x0000000100000000)
  region size 1024K, 6 young (6144K), 6 survivors (6144K)
 Metaspace       used 53705K, committed 54016K, reserved 1097728K
  class space    used 6636K, committed 6784K, reserved 1048576K
}
Event: 23.296 GC heap before
{Heap before GC invocations=34 (full 0):
 garbage-first heap   total 137216K, used 115351K [0x0000000081c00000, 0x0000000100000000)
  region size 1024K, 66 young (67584K), 6 survivors (6144K)
 Metaspace       used 53705K, committed 54016K, reserved 1097728K
  class space    used 6636K, committed 6784K, reserved 1048576K
}
Event: 23.302 GC heap after
{Heap after GC invocations=35 (full 0):
 garbage-first heap   total 137216K, used 54315K [0x0000000081c00000, 0x0000000100000000)
  region size 1024K, 5 young (5120K), 5 survivors (5120K)
 Metaspace       used 53705K, committed 54016K, reserved 1097728K
  class space    used 6636K, committed 6784K, reserved 1048576K
}
Event: 23.701 GC heap before
{Heap before GC invocations=35 (full 0):
 garbage-first heap   total 137216K, used 124971K [0x0000000081c00000, 0x0000000100000000)
  region size 1024K, 66 young (67584K), 5 survivors (5120K)
 Metaspace       used 53705K, committed 54016K, reserved 1097728K
  class space    used 6636K, committed 6784K, reserved 1048576K
}
Event: 23.708 GC heap after
{Heap after GC invocations=36 (full 0):
 garbage-first heap   total 164864K, used 54357K [0x0000000081c00000, 0x0000000100000000)
  region size 1024K, 5 young (5120K), 5 survivors (5120K)
 Metaspace       used 53705K, committed 54016K, reserved 1097728K
  class space    used 6636K, committed 6784K, reserved 1048576K
}
Event: 24.504 GC heap before
{Heap before GC invocations=36 (full 0):
 garbage-first heap   total 164864K, used 142421K [0x0000000081c00000, 0x0000000100000000)
  region size 1024K, 90 young (92160K), 5 survivors (5120K)
 Metaspace       used 53705K, committed 54016K, reserved 1097728K
  class space    used 6636K, committed 6784K, reserved 1048576K
}
Event: 24.511 GC heap after
{Heap after GC invocations=37 (full 0):
 garbage-first heap   total 164864K, used 55316K [0x0000000081c00000, 0x0000000100000000)
  region size 1024K, 6 young (6144K), 6 survivors (6144K)
 Metaspace       used 53705K, committed 54016K, reserved 1097728K
  class space    used 6636K, committed 6784K, reserved 1048576K
}
Event: 25.000 GC heap before
{Heap before GC invocations=37 (full 0):
 garbage-first heap   total 164864K, used 140308K [0x0000000081c00000, 0x0000000100000000)
  region size 1024K, 89 young (91136K), 6 survivors (6144K)
 Metaspace       used 53714K, committed 54016K, reserved 1097728K
  class space    used 6640K, committed 6784K, reserved 1048576K
}
Event: 25.007 GC heap after
{Heap after GC invocations=38 (full 0):
 garbage-first heap   total 164864K, used 56405K [0x0000000081c00000, 0x0000000100000000)
  region size 1024K, 7 young (7168K), 7 survivors (7168K)
 Metaspace       used 53714K, committed 54016K, reserved 1097728K
  class space    used 6640K, committed 6784K, reserved 1048576K
}

