# JRE version: OpenJDK Runtime Environment Temurin-17.0.4.1+1 (17.0.4.1+1) (build 17.0.4.1+1)
# Java VM: OpenJDK 64-Bit Server VM Temurin-17.0.4.1+1 (17.0.4.1+1, mixed mode, emulated-client, tiered, compressed oops, compressed class ptrs, g1 gc, windows-amd64)
GC Precious Log:
 CPUs: 4 total, 4 available
 Memory: 8073M
 Large Page Support: Disabled
 NUMA Support: Disabled
 Compressed Oops: Enabled (32-bit)
 Heap Region Size: 1M
 Heap Min Capacity: 8M
 Heap Initial Capacity: 128M
 Heap Max Capacity: 2020M
 Pre-touch: Disabled
 Parallel Workers: 4
 Concurrent Workers: 1
 Concurrent Refinement Workers: 4
 Periodic GC: Disabled
Heap:
 garbage-first heap   total 146432K, used 123021K [0x0000000081c00000, 0x0000000100000000)
  region size 1024K, 47 young (48128K), 6 survivors (6144K)
 Metaspace       used 86628K, committed 87168K, reserved 1130496K
  class space    used 11514K, committed 11776K, reserved 1048576K
GC Heap History (20 events):
Event: 53.806 GC heap after
{Heap after GC invocations=58 (full 0):
 garbage-first heap   total 146432K, used 60347K [0x0000000081c00000, 0x0000000100000000)
  region size 1024K, 3 young (3072K), 3 survivors (3072K)
 Metaspace       used 57423K, committed 57856K, reserved 1105920K
  class space    used 7411K, committed 7616K, reserved 1048576K
}
Event: 65.240 GC heap before
{Heap before GC invocations=58 (full 0):
 garbage-first heap   total 146432K, used 125883K [0x0000000081c00000, 0x0000000100000000)
  region size 1024K, 67 young (68608K), 3 survivors (3072K)
 Metaspace       used 61955K, committed 62400K, reserved 1105920K
  class space    used 8059K, committed 8320K, reserved 1048576K
}
Event: 65.246 GC heap after
{Heap after GC invocations=59 (full 0):
 garbage-first heap   total 146432K, used 61812K [0x0000000081c00000, 0x0000000100000000)
  region size 1024K, 4 young (4096K), 4 survivors (4096K)
 Metaspace       used 61955K, committed 62400K, reserved 1105920K
  class space    used 8059K, committed 8320K, reserved 1048576K
}
Event: 69.415 GC heap before
{Heap before GC invocations=59 (full 0):
 garbage-first heap   total 146432K, used 126324K [0x0000000081c00000, 0x0000000100000000)
  region size 1024K, 67 young (68608K), 4 survivors (4096K)
 Metaspace       used 66409K, committed 66816K, reserved 1114112K
  class space    used 8696K, committed 8896K, reserved 1048576K
}
Event: 69.423 GC heap after
{Heap after GC invocations=60 (full 0):
 garbage-first heap   total 146432K, used 64297K [0x0000000081c00000, 0x0000000100000000)
  region size 1024K, 6 young (6144K), 6 survivors (6144K)
 Metaspace       used 66409K, committed 66816K, reserved 1114112K
  class space    used 8696K, committed 8896K, reserved 1048576K
}
Event: 70.756 GC heap before
{Heap before GC invocations=60 (full 0):
 garbage-first heap   total 146432K, used 124713K [0x0000000081c00000, 0x0000000100000000)
  region size 1024K, 65 young (66560K), 6 survivors (6144K)
 Metaspace       used 69874K, committed 70336K, reserved 1114112K
  class space    used 9263K, committed 9472K, reserved 1048576K
}
Event: 70.766 GC heap after
{Heap after GC invocations=61 (full 0):
 garbage-first heap   total 146432K, used 65367K [0x0000000081c00000, 0x0000000100000000)
  region size 1024K, 6 young (6144K), 6 survivors (6144K)
 Metaspace       used 69874K, committed 70336K, reserved 1114112K
  class space    used 9263K, committed 9472K, reserved 1048576K
}
Event: 71.433 GC heap before
{Heap before GC invocations=61 (full 0):
 garbage-first heap   total 146432K, used 123735K [0x0000000081c00000, 0x0000000100000000)
  region size 1024K, 63 young (64512K), 6 survivors (6144K)
 Metaspace       used 71202K, committed 71680K, reserved 1114112K
  class space    used 9428K, committed 9664K, reserved 1048576K
}
Event: 71.441 GC heap after
{Heap after GC invocations=62 (full 0):
 garbage-first heap   total 146432K, used 66676K [0x0000000081c00000, 0x0000000100000000)
  region size 1024K, 5 young (5120K), 5 survivors (5120K)
 Metaspace       used 71202K, committed 71680K, reserved 1114112K
  class space    used 9428K, committed 9664K, reserved 1048576K
}
Event: 315.764 GC heap before
{Heap before GC invocations=62 (full 0):
 garbage-first heap   total 146432K, used 124020K [0x0000000081c00000, 0x0000000100000000)
  region size 1024K, 62 young (63488K), 5 survivors (5120K)
 Metaspace       used 74355K, committed 74816K, reserved 1114112K
  class space    used 9868K, committed 10112K, reserved 1048576K
}
Event: 315.773 GC heap after
{Heap after GC invocations=63 (full 0):
 garbage-first heap   total 146432K, used 67418K [0x0000000081c00000, 0x0000000100000000)
  region size 1024K, 4 young (4096K), 4 survivors (4096K)
 Metaspace       used 74355K, committed 74816K, reserved 1114112K
  class space    used 9868K, committed 10112K, reserved 1048576K
}
Event: 317.088 GC heap before
{Heap before GC invocations=63 (full 0):
 garbage-first heap   total 146432K, used 123738K [0x0000000081c00000, 0x0000000100000000)
  region size 1024K, 60 young (61440K), 4 survivors (4096K)
 Metaspace       used 79936K, committed 80512K, reserved 1122304K
  class space    used 10671K, committed 10944K, reserved 1048576K
}
Event: 317.098 GC heap after
{Heap after GC invocations=64 (full 0):
 garbage-first heap   total 146432K, used 70995K [0x0000000081c00000, 0x0000000100000000)
  region size 1024K, 8 young (8192K), 8 survivors (8192K)
 Metaspace       used 79936K, committed 80512K, reserved 1122304K
  class space    used 10671K, committed 10944K, reserved 1048576K
}
Event: 319.967 GC heap before
{Heap before GC invocations=64 (full 0):
 garbage-first heap   total 146432K, used 121171K [0x0000000081c00000, 0x0000000100000000)
  region size 1024K, 57 young (58368K), 8 survivors (8192K)
 Metaspace       used 81887K, committed 82432K, reserved 1122304K
  class space    used 10960K, committed 11200K, reserved 1048576K
}
Event: 319.982 GC heap after
{Heap after GC invocations=65 (full 0):
 garbage-first heap   total 146432K, used 75689K [0x0000000081c00000, 0x0000000100000000)
  region size 1024K, 8 young (8192K), 8 survivors (8192K)
 Metaspace       used 81887K, committed 82432K, reserved 1122304K
  class space    used 10960K, committed 11200K, reserved 1048576K
}
Event: 321.338 GC heap before
{Heap before GC invocations=65 (full 0):
 garbage-first heap   total 146432K, used 121769K [0x0000000081c00000, 0x0000000100000000)
  region size 1024K, 53 young (54272K), 8 survivors (8192K)
 Metaspace       used 84250K, committed 84800K, reserved 1122304K
  class space    used 11251K, committed 11520K, reserved 1048576K
}
Event: 321.351 GC heap after
{Heap after GC invocations=66 (full 0):
 garbage-first heap   total 146432K, used 78354K [0x0000000081c00000, 0x0000000100000000)
  region size 1024K, 3 young (3072K), 3 survivors (3072K)
 Metaspace       used 84250K, committed 84800K, reserved 1122304K
  class space    used 11251K, committed 11520K, reserved 1048576K
}
Event: 323.386 GC heap before
{Heap before GC invocations=66 (full 0):
 garbage-first heap   total 146432K, used 122386K [0x0000000081c00000, 0x0000000100000000)
  region size 1024K, 46 young (47104K), 3 survivors (3072K)
 Metaspace       used 85761K, committed 86336K, reserved 1130496K
  class space    used 11435K, committed 11712K, reserved 1048576K
}
Event: 323.395 GC heap after
{Heap after GC invocations=67 (full 0):
 garbage-first heap   total 146432K, used 81037K [0x0000000081c00000, 0x0000000100000000)
  region size 1024K, 5 young (5120K), 5 survivors (5120K)
 Metaspace       used 85761K, committed 86336K, reserved 1130496K
  class space    used 11435K, committed 11712K, reserved 1048576K
}
Event: 325.792 GC heap before
{Heap before GC invocations=67 (full 0):
 garbage-first heap   total 146432K, used 123021K [0x0000000081c00000, 0x0000000100000000)
  region size 1024K, 46 young (47104K), 5 survivors (5120K)
 Metaspace       used 86628K, committed 87168K, reserved 1130496K
  class space    used 11514K, committed 11776K, reserved 1048576K
}

