# JRE version: OpenJDK Runtime Environment Temurin-17.0.4.1+1 (17.0.4.1+1) (build 17.0.4.1+1)
# Java VM: OpenJDK 64-Bit Server VM Temurin-17.0.4.1+1 (17.0.4.1+1, mixed mode, tiered, compressed oops, compressed class ptrs, g1 gc, windows-amd64)
GC Precious Log:
 CPUs: 4 total, 4 available
 Memory: 8073M
 Large Page Support: Disabled
 NUMA Support: Disabled
 Compressed Oops: Enabled (32-bit)
 Heap Region Size: 1M
 Heap Min Capacity: 8M
 Heap Initial Capacity: 128M
 Heap Max Capacity: 2020M
 Pre-touch: Disabled
 Parallel Workers: 4
 Concurrent Workers: 1
 Concurrent Refinement Workers: 4
 Periodic GC: Disabled
Heap:
 garbage-first heap   total 372736K, used 206432K [0x0000000081c00000, 0x0000000100000000)
  region size 1024K, 92 young (94208K), 9 survivors (9216K)
 Metaspace       used 136975K, committed 137728K, reserved 1171456K
  class space    used 17567K, committed 17920K, reserved 1048576K
GC Heap History (20 events):
Event: 45.180 GC heap before
{Heap before GC invocations=54 (full 0):
 garbage-first heap   total 372736K, used 285557K [0x0000000081c00000, 0x0000000100000000)
  region size 1024K, 218 young (223232K), 6 survivors (6144K)
 Metaspace       used 67057K, committed 67456K, reserved 1114112K
  class space    used 8362K, committed 8576K, reserved 1048576K
}
Event: 45.190 GC heap after
{Heap after GC invocations=55 (full 0):
 garbage-first heap   total 372736K, used 62070K [0x0000000081c00000, 0x0000000100000000)
  region size 1024K, 7 young (7168K), 7 survivors (7168K)
 Metaspace       used 67057K, committed 67456K, reserved 1114112K
  class space    used 8362K, committed 8576K, reserved 1048576K
}
Event: 46.637 GC heap before
{Heap before GC invocations=55 (full 0):
 garbage-first heap   total 372736K, used 278134K [0x0000000081c00000, 0x0000000100000000)
  region size 1024K, 218 young (223232K), 7 survivors (7168K)
 Metaspace       used 67219K, committed 67648K, reserved 1114112K
  class space    used 8381K, committed 8576K, reserved 1048576K
}
Event: 46.648 GC heap after
{Heap after GC invocations=56 (full 0):
 garbage-first heap   total 372736K, used 63402K [0x0000000081c00000, 0x0000000100000000)
  region size 1024K, 9 young (9216K), 9 survivors (9216K)
 Metaspace       used 67219K, committed 67648K, reserved 1114112K
  class space    used 8381K, committed 8576K, reserved 1048576K
}
Event: 60.574 GC heap before
{Heap before GC invocations=56 (full 0):
 garbage-first heap   total 372736K, used 276394K [0x0000000081c00000, 0x0000000100000000)
  region size 1024K, 218 young (223232K), 9 survivors (9216K)
 Metaspace       used 80314K, committed 80768K, reserved 1122304K
  class space    used 10047K, committed 10240K, reserved 1048576K
}
Event: 60.589 GC heap after
{Heap after GC invocations=57 (full 0):
 garbage-first heap   total 372736K, used 67568K [0x0000000081c00000, 0x0000000100000000)
  region size 1024K, 13 young (13312K), 13 survivors (13312K)
 Metaspace       used 80314K, committed 80768K, reserved 1122304K
  class space    used 10047K, committed 10240K, reserved 1048576K
}
Event: 215.899 GC heap before
{Heap before GC invocations=57 (full 0):
 garbage-first heap   total 372736K, used 277488K [0x0000000081c00000, 0x0000000100000000)
  region size 1024K, 218 young (223232K), 13 survivors (13312K)
 Metaspace       used 90419K, committed 91008K, reserved 1130496K
  class space    used 11357K, committed 11648K, reserved 1048576K
}
Event: 215.934 GC heap after
{Heap after GC invocations=58 (full 0):
 garbage-first heap   total 372736K, used 81526K [0x0000000081c00000, 0x0000000100000000)
  region size 1024K, 26 young (26624K), 26 survivors (26624K)
 Metaspace       used 90419K, committed 91008K, reserved 1130496K
  class space    used 11357K, committed 11648K, reserved 1048576K
}
Event: 219.478 GC heap before
{Heap before GC invocations=58 (full 0):
 garbage-first heap   total 372736K, used 278134K [0x0000000081c00000, 0x0000000100000000)
  region size 1024K, 218 young (223232K), 26 survivors (26624K)
 Metaspace       used 99639K, committed 100160K, reserved 1138688K
  class space    used 12561K, committed 12800K, reserved 1048576K
}
Event: 219.527 GC heap after
{Heap after GC invocations=59 (full 0):
 garbage-first heap   total 372736K, used 89982K [0x0000000081c00000, 0x0000000100000000)
  region size 1024K, 9 young (9216K), 9 survivors (9216K)
 Metaspace       used 99639K, committed 100160K, reserved 1138688K
  class space    used 12561K, committed 12800K, reserved 1048576K
}
Event: 223.370 GC heap before
{Heap before GC invocations=59 (full 0):
 garbage-first heap   total 372736K, used 303998K [0x0000000081c00000, 0x0000000100000000)
  region size 1024K, 218 young (223232K), 9 survivors (9216K)
 Metaspace       used 107969K, committed 108608K, reserved 1146880K
  class space    used 13391K, committed 13760K, reserved 1048576K
}
Event: 223.396 GC heap after
{Heap after GC invocations=60 (full 0):
 garbage-first heap   total 372736K, used 100734K [0x0000000081c00000, 0x0000000100000000)
  region size 1024K, 20 young (20480K), 20 survivors (20480K)
 Metaspace       used 107969K, committed 108608K, reserved 1146880K
  class space    used 13391K, committed 13760K, reserved 1048576K
}
Event: 226.473 GC heap before
{Heap before GC invocations=60 (full 0):
 garbage-first heap   total 372736K, used 220542K [0x0000000081c00000, 0x0000000100000000)
  region size 1024K, 138 young (141312K), 20 survivors (20480K)
 Metaspace       used 111667K, committed 112320K, reserved 1155072K
  class space    used 13943K, committed 14272K, reserved 1048576K
}
Event: 226.511 GC heap after
{Heap after GC invocations=61 (full 0):
 garbage-first heap   total 372736K, used 107916K [0x0000000081c00000, 0x0000000100000000)
  region size 1024K, 19 young (19456K), 19 survivors (19456K)
 Metaspace       used 111667K, committed 112320K, reserved 1155072K
  class space    used 13943K, committed 14272K, reserved 1048576K
}
Event: 236.705 GC heap before
{Heap before GC invocations=62 (full 0):
 garbage-first heap   total 372736K, used 305548K [0x0000000081c00000, 0x0000000100000000)
  region size 1024K, 212 young (217088K), 19 survivors (19456K)
 Metaspace       used 123062K, committed 123776K, reserved 1163264K
  class space    used 15646K, committed 16000K, reserved 1048576K
}
Event: 236.744 GC heap after
{Heap after GC invocations=63 (full 0):
 garbage-first heap   total 372736K, used 117760K [0x0000000081c00000, 0x0000000100000000)
  region size 1024K, 17 young (17408K), 17 survivors (17408K)
 Metaspace       used 123062K, committed 123776K, reserved 1163264K
  class space    used 15646K, committed 16000K, reserved 1048576K
}
Event: 236.790 GC heap before
{Heap before GC invocations=63 (full 0):
 garbage-first heap   total 372736K, used 118784K [0x0000000081c00000, 0x0000000100000000)
  region size 1024K, 18 young (18432K), 17 survivors (17408K)
 Metaspace       used 123101K, committed 123776K, reserved 1163264K
  class space    used 15654K, committed 16000K, reserved 1048576K
}
Event: 236.821 GC heap after
{Heap after GC invocations=64 (full 0):
 garbage-first heap   total 372736K, used 118757K [0x0000000081c00000, 0x0000000100000000)
  region size 1024K, 2 young (2048K), 2 survivors (2048K)
 Metaspace       used 123101K, committed 123776K, reserved 1163264K
  class space    used 15654K, committed 16000K, reserved 1048576K
}
Event: 250.200 GC heap before
{Heap before GC invocations=64 (full 0):
 garbage-first heap   total 372736K, used 307173K [0x0000000081c00000, 0x0000000100000000)
  region size 1024K, 186 young (190464K), 2 survivors (2048K)
 Metaspace       used 132594K, committed 133312K, reserved 1171456K
  class space    used 16971K, committed 17344K, reserved 1048576K
}
Event: 250.220 GC heap after
{Heap after GC invocations=65 (full 0):
 garbage-first heap   total 372736K, used 125536K [0x0000000081c00000, 0x0000000100000000)
  region size 1024K, 9 young (9216K), 9 survivors (9216K)
 Metaspace       used 132594K, committed 133312K, reserved 1171456K
  class space    used 16971K, committed 17344K, reserved 1048576K
}

