# JRE version: OpenJDK Runtime Environment Temurin-17.0.4.1+1 (17.0.4.1+1) (build 17.0.4.1+1)
# Java VM: OpenJDK 64-Bit Server VM Temurin-17.0.4.1+1 (17.0.4.1+1, mixed mode, tiered, compressed oops, compressed class ptrs, g1 gc, windows-amd64)
GC Precious Log:
 CPUs: 4 total, 4 available
 Memory: 8073M
 Large Page Support: Disabled
 NUMA Support: Disabled
 Compressed Oops: Enabled (32-bit)
 Heap Region Size: 1M
 Heap Min Capacity: 8M
 Heap Initial Capacity: 128M
 Heap Max Capacity: 2020M
 Pre-touch: Disabled
 Parallel Workers: 4
 Concurrent Workers: 1
 Concurrent Refinement Workers: 4
 Periodic GC: Disabled
Heap:
 garbage-first heap   total 164864K, used 126719K [0x0000000081c00000, 0x0000000100000000)
  region size 1024K, 32 young (32768K), 4 survivors (4096K)
 Metaspace       used 108026K, committed 108672K, reserved 1146880K
  class space    used 13964K, committed 14272K, reserved 1048576K
GC Heap History (20 events):
Event: 43.480 GC heap before
{Heap before GC invocations=46 (full 0):
 garbage-first heap   total 164864K, used 133642K [0x0000000081c00000, 0x0000000100000000)
  region size 1024K, 72 young (73728K), 8 survivors (8192K)
 Metaspace       used 83275K, committed 83776K, reserved 1122304K
  class space    used 10429K, committed 10688K, reserved 1048576K
}
Event: 43.498 GC heap after
{Heap after GC invocations=47 (full 0):
 garbage-first heap   total 164864K, used 72723K [0x0000000081c00000, 0x0000000100000000)
  region size 1024K, 9 young (9216K), 9 survivors (9216K)
 Metaspace       used 83275K, committed 83776K, reserved 1122304K
  class space    used 10429K, committed 10688K, reserved 1048576K
}
Event: 45.688 GC heap before
{Heap before GC invocations=47 (full 0):
 garbage-first heap   total 164864K, used 134163K [0x0000000081c00000, 0x0000000100000000)
  region size 1024K, 69 young (70656K), 9 survivors (9216K)
 Metaspace       used 85298K, committed 85888K, reserved 1130496K
  class space    used 10683K, committed 11008K, reserved 1048576K
}
Event: 45.710 GC heap after
{Heap after GC invocations=48 (full 0):
 garbage-first heap   total 164864K, used 77157K [0x0000000081c00000, 0x0000000100000000)
  region size 1024K, 9 young (9216K), 9 survivors (9216K)
 Metaspace       used 85298K, committed 85888K, reserved 1130496K
  class space    used 10683K, committed 11008K, reserved 1048576K
}
Event: 47.513 GC heap before
{Heap before GC invocations=48 (full 0):
 garbage-first heap   total 164864K, used 135525K [0x0000000081c00000, 0x0000000100000000)
  region size 1024K, 66 young (67584K), 9 survivors (9216K)
 Metaspace       used 87551K, committed 88192K, reserved 1130496K
  class space    used 11036K, committed 11328K, reserved 1048576K
}
Event: 47.532 GC heap after
{Heap after GC invocations=49 (full 0):
 garbage-first heap   total 164864K, used 79599K [0x0000000081c00000, 0x0000000100000000)
  region size 1024K, 7 young (7168K), 7 survivors (7168K)
 Metaspace       used 87551K, committed 88192K, reserved 1130496K
  class space    used 11036K, committed 11328K, reserved 1048576K
}
Event: 49.357 GC heap before
{Heap before GC invocations=49 (full 0):
 garbage-first heap   total 164864K, used 136943K [0x0000000081c00000, 0x0000000100000000)
  region size 1024K, 63 young (64512K), 7 survivors (7168K)
 Metaspace       used 90148K, committed 90752K, reserved 1130496K
  class space    used 11403K, committed 11712K, reserved 1048576K
}
Event: 49.376 GC heap after
{Heap after GC invocations=50 (full 0):
 garbage-first heap   total 164864K, used 83283K [0x0000000081c00000, 0x0000000100000000)
  region size 1024K, 7 young (7168K), 7 survivors (7168K)
 Metaspace       used 90148K, committed 90752K, reserved 1130496K
  class space    used 11403K, committed 11712K, reserved 1048576K
}
Event: 50.819 GC heap before
{Heap before GC invocations=50 (full 0):
 garbage-first heap   total 164864K, used 136531K [0x0000000081c00000, 0x0000000100000000)
  region size 1024K, 59 young (60416K), 7 survivors (7168K)
 Metaspace       used 95715K, committed 96320K, reserved 1138688K
  class space    used 12218K, committed 12544K, reserved 1048576K
}
Event: 50.834 GC heap after
{Heap after GC invocations=51 (full 0):
 garbage-first heap   total 164864K, used 85169K [0x0000000081c00000, 0x0000000100000000)
  region size 1024K, 6 young (6144K), 6 survivors (6144K)
 Metaspace       used 95715K, committed 96320K, reserved 1138688K
  class space    used 12218K, committed 12544K, reserved 1048576K
}
Event: 52.683 GC heap before
{Heap before GC invocations=51 (full 0):
 garbage-first heap   total 164864K, used 138417K [0x0000000081c00000, 0x0000000100000000)
  region size 1024K, 58 young (59392K), 6 survivors (6144K)
 Metaspace       used 98398K, committed 99008K, reserved 1138688K
  class space    used 12590K, committed 12928K, reserved 1048576K
}
Event: 52.704 GC heap after
{Heap after GC invocations=52 (full 0):
 garbage-first heap   total 164864K, used 87696K [0x0000000081c00000, 0x0000000100000000)
  region size 1024K, 5 young (5120K), 5 survivors (5120K)
 Metaspace       used 98398K, committed 99008K, reserved 1138688K
  class space    used 12590K, committed 12928K, reserved 1048576K
}
Event: 54.389 GC heap before
{Heap before GC invocations=52 (full 0):
 garbage-first heap   total 164864K, used 137872K [0x0000000081c00000, 0x0000000100000000)
  region size 1024K, 54 young (55296K), 5 survivors (5120K)
 Metaspace       used 99464K, committed 100096K, reserved 1138688K
  class space    used 12761K, committed 13056K, reserved 1048576K
}
Event: 54.407 GC heap after
{Heap after GC invocations=53 (full 0):
 garbage-first heap   total 164864K, used 92060K [0x0000000081c00000, 0x0000000100000000)
  region size 1024K, 7 young (7168K), 7 survivors (7168K)
 Metaspace       used 99464K, committed 100096K, reserved 1138688K
  class space    used 12761K, committed 13056K, reserved 1048576K
}
Event: 56.619 GC heap before
{Heap before GC invocations=53 (full 0):
 garbage-first heap   total 164864K, used 138140K [0x0000000081c00000, 0x0000000100000000)
  region size 1024K, 52 young (53248K), 7 survivors (7168K)
 Metaspace       used 101265K, committed 101952K, reserved 1138688K
  class space    used 13051K, committed 13376K, reserved 1048576K
}
Event: 56.639 GC heap after
{Heap after GC invocations=54 (full 0):
 garbage-first heap   total 164864K, used 95997K [0x0000000081c00000, 0x0000000100000000)
  region size 1024K, 4 young (4096K), 4 survivors (4096K)
 Metaspace       used 101265K, committed 101952K, reserved 1138688K
  class space    used 13051K, committed 13376K, reserved 1048576K
}
Event: 59.551 GC heap before
{Heap before GC invocations=54 (full 0):
 garbage-first heap   total 164864K, used 137981K [0x0000000081c00000, 0x0000000100000000)
  region size 1024K, 45 young (46080K), 4 survivors (4096K)
 Metaspace       used 102928K, committed 103616K, reserved 1138688K
  class space    used 13267K, committed 13632K, reserved 1048576K
}
Event: 59.560 GC heap after
{Heap after GC invocations=55 (full 0):
 garbage-first heap   total 164864K, used 97229K [0x0000000081c00000, 0x0000000100000000)
  region size 1024K, 2 young (2048K), 2 survivors (2048K)
 Metaspace       used 102928K, committed 103616K, reserved 1138688K
  class space    used 13267K, committed 13632K, reserved 1048576K
}
Event: 86.045 GC heap before
{Heap before GC invocations=55 (full 0):
 garbage-first heap   total 164864K, used 137165K [0x0000000081c00000, 0x0000000100000000)
  region size 1024K, 42 young (43008K), 2 survivors (2048K)
 Metaspace       used 106025K, committed 106688K, reserved 1146880K
  class space    used 13625K, committed 13952K, reserved 1048576K
}
Event: 86.053 GC heap after
{Heap after GC invocations=56 (full 0):
 garbage-first heap   total 164864K, used 99071K [0x0000000081c00000, 0x0000000100000000)
  region size 1024K, 4 young (4096K), 4 survivors (4096K)
 Metaspace       used 106025K, committed 106688K, reserved 1146880K
  class space    used 13625K, committed 13952K, reserved 1048576K
}

