# JRE version: OpenJDK Runtime Environment Temurin-17.0.4.1+1 (17.0.4.1+1) (build 17.0.4.1+1)
# Java VM: OpenJDK 64-Bit Server VM Temurin-17.0.4.1+1 (17.0.4.1+1, mixed mode, tiered, compressed oops, compressed class ptrs, g1 gc, windows-amd64)
GC Precious Log:
 CPUs: 4 total, 4 available
 Memory: 8073M
 Large Page Support: Disabled
 NUMA Support: Disabled
 Compressed Oops: Enabled (32-bit)
 Heap Region Size: 1M
 Heap Min Capacity: 8M
 Heap Initial Capacity: 128M
 Heap Max Capacity: 2020M
 Pre-touch: Disabled
 Parallel Workers: 4
 Concurrent Workers: 1
 Concurrent Refinement Workers: 4
 Periodic GC: Disabled
Heap:
 garbage-first heap   total 178176K, used 123618K [0x0000000081c00000, 0x0000000100000000)
  region size 1024K, 30 young (30720K), 2 survivors (2048K)
 Metaspace       used 103778K, committed 104512K, reserved 1146880K
  class space    used 13322K, committed 13696K, reserved 1048576K
GC Heap History (20 events):
Event: 39.447 GC heap before
{Heap before GC invocations=54 (full 0):
 garbage-first heap   total 157696K, used 129561K [0x0000000081c00000, 0x0000000100000000)
  region size 1024K, 67 young (68608K), 9 survivors (9216K)
 Metaspace       used 79345K, committed 79936K, reserved 1122304K
  class space    used 9630K, committed 9920K, reserved 1048576K
}
Event: 39.470 GC heap after
{Heap after GC invocations=55 (full 0):
 garbage-first heap   total 157696K, used 74352K [0x0000000081c00000, 0x0000000100000000)
  region size 1024K, 9 young (9216K), 9 survivors (9216K)
 Metaspace       used 79345K, committed 79936K, reserved 1122304K
  class space    used 9630K, committed 9920K, reserved 1048576K
}
Event: 41.561 GC heap before
{Heap before GC invocations=55 (full 0):
 garbage-first heap   total 157696K, used 129648K [0x0000000081c00000, 0x0000000100000000)
  region size 1024K, 63 young (64512K), 9 survivors (9216K)
 Metaspace       used 81122K, committed 81664K, reserved 1122304K
  class space    used 9892K, committed 10176K, reserved 1048576K
}
Event: 41.583 GC heap after
{Heap after GC invocations=56 (full 0):
 garbage-first heap   total 157696K, used 77972K [0x0000000081c00000, 0x0000000100000000)
  region size 1024K, 8 young (8192K), 8 survivors (8192K)
 Metaspace       used 81122K, committed 81664K, reserved 1122304K
  class space    used 9892K, committed 10176K, reserved 1048576K
}
Event: 43.255 GC heap before
{Heap before GC invocations=56 (full 0):
 garbage-first heap   total 157696K, used 131220K [0x0000000081c00000, 0x0000000100000000)
  region size 1024K, 60 young (61440K), 8 survivors (8192K)
 Metaspace       used 83177K, committed 83776K, reserved 1122304K
  class space    used 10194K, committed 10496K, reserved 1048576K
}
Event: 43.278 GC heap after
{Heap after GC invocations=57 (full 0):
 garbage-first heap   total 157696K, used 80116K [0x0000000081c00000, 0x0000000100000000)
  region size 1024K, 6 young (6144K), 6 survivors (6144K)
 Metaspace       used 83177K, committed 83776K, reserved 1122304K
  class space    used 10194K, committed 10496K, reserved 1048576K
}
Event: 45.450 GC heap before
{Heap before GC invocations=57 (full 0):
 garbage-first heap   total 157696K, used 132340K [0x0000000081c00000, 0x0000000100000000)
  region size 1024K, 57 young (58368K), 6 survivors (6144K)
 Metaspace       used 88372K, committed 88960K, reserved 1130496K
  class space    used 10901K, committed 11200K, reserved 1048576K
}
Event: 45.464 GC heap after
{Heap after GC invocations=58 (full 0):
 garbage-first heap   total 157696K, used 82587K [0x0000000081c00000, 0x0000000100000000)
  region size 1024K, 5 young (5120K), 5 survivors (5120K)
 Metaspace       used 88372K, committed 88960K, reserved 1130496K
  class space    used 10901K, committed 11200K, reserved 1048576K
}
Event: 47.083 GC heap before
{Heap before GC invocations=58 (full 0):
 garbage-first heap   total 157696K, used 132763K [0x0000000081c00000, 0x0000000100000000)
  region size 1024K, 54 young (55296K), 5 survivors (5120K)
 Metaspace       used 91417K, committed 92032K, reserved 1130496K
  class space    used 11385K, committed 11712K, reserved 1048576K
}
Event: 47.096 GC heap after
{Heap after GC invocations=59 (full 0):
 garbage-first heap   total 157696K, used 84606K [0x0000000081c00000, 0x0000000100000000)
  region size 1024K, 5 young (5120K), 5 survivors (5120K)
 Metaspace       used 91417K, committed 92032K, reserved 1130496K
  class space    used 11385K, committed 11712K, reserved 1048576K
}
Event: 48.816 GC heap before
{Heap before GC invocations=59 (full 0):
 garbage-first heap   total 157696K, used 132734K [0x0000000081c00000, 0x0000000100000000)
  region size 1024K, 52 young (53248K), 5 survivors (5120K)
 Metaspace       used 93678K, committed 94272K, reserved 1138688K
  class space    used 11715K, committed 12032K, reserved 1048576K
}
Event: 48.832 GC heap after
{Heap after GC invocations=60 (full 0):
 garbage-first heap   total 157696K, used 87972K [0x0000000081c00000, 0x0000000100000000)
  region size 1024K, 6 young (6144K), 6 survivors (6144K)
 Metaspace       used 93678K, committed 94272K, reserved 1138688K
  class space    used 11715K, committed 12032K, reserved 1048576K
}
Event: 50.239 GC heap before
{Heap before GC invocations=60 (full 0):
 garbage-first heap   total 157696K, used 132004K [0x0000000081c00000, 0x0000000100000000)
  region size 1024K, 49 young (50176K), 6 survivors (6144K)
 Metaspace       used 94609K, committed 95232K, reserved 1138688K
  class space    used 11862K, committed 12160K, reserved 1048576K
}
Event: 50.254 GC heap after
{Heap after GC invocations=61 (full 0):
 garbage-first heap   total 157696K, used 91782K [0x0000000081c00000, 0x0000000100000000)
  region size 1024K, 7 young (7168K), 7 survivors (7168K)
 Metaspace       used 94609K, committed 95232K, reserved 1138688K
  class space    used 11862K, committed 12160K, reserved 1048576K
}
Event: 51.928 GC heap before
{Heap before GC invocations=61 (full 0):
 garbage-first heap   total 157696K, used 132742K [0x0000000081c00000, 0x0000000100000000)
  region size 1024K, 47 young (48128K), 7 survivors (7168K)
 Metaspace       used 96437K, committed 97088K, reserved 1138688K
  class space    used 12133K, committed 12480K, reserved 1048576K
}
Event: 51.945 GC heap after
{Heap after GC invocations=62 (full 0):
 garbage-first heap   total 157696K, used 94747K [0x0000000081c00000, 0x0000000100000000)
  region size 1024K, 3 young (3072K), 3 survivors (3072K)
 Metaspace       used 96437K, committed 97088K, reserved 1138688K
  class space    used 12133K, committed 12480K, reserved 1048576K
}
Event: 54.781 GC heap before
{Heap before GC invocations=62 (full 0):
 garbage-first heap   total 157696K, used 132635K [0x0000000081c00000, 0x0000000100000000)
  region size 1024K, 40 young (40960K), 3 survivors (3072K)
 Metaspace       used 98106K, committed 98688K, reserved 1138688K
  class space    used 12372K, committed 12672K, reserved 1048576K
}
Event: 54.790 GC heap after
{Heap after GC invocations=63 (full 0):
 garbage-first heap   total 157696K, used 96025K [0x0000000081c00000, 0x0000000100000000)
  region size 1024K, 2 young (2048K), 2 survivors (2048K)
 Metaspace       used 98106K, committed 98688K, reserved 1138688K
  class space    used 12372K, committed 12672K, reserved 1048576K
}
Event: 55.431 GC heap before
{Heap before GC invocations=63 (full 0):
 garbage-first heap   total 157696K, used 129817K [0x0000000081c00000, 0x0000000100000000)
  region size 1024K, 36 young (36864K), 2 survivors (2048K)
 Metaspace       used 101140K, committed 101760K, reserved 1138688K
  class space    used 12947K, committed 13248K, reserved 1048576K
}
Event: 55.436 GC heap after
{Heap after GC invocations=64 (full 0):
 garbage-first heap   total 157696K, used 95970K [0x0000000081c00000, 0x0000000100000000)
  region size 1024K, 2 young (2048K), 2 survivors (2048K)
 Metaspace       used 101140K, committed 101760K, reserved 1138688K
  class space    used 12947K, committed 13248K, reserved 1048576K
}

