# JRE version: Java(TM) SE Runtime Environment (17.0.2+8) (build 17.0.2+8-LTS-86)
# Java VM: Java HotSpot(TM) 64-Bit Server VM (17.0.2+8-LTS-86, mixed mode, sharing, tiered, compressed oops, compressed class ptrs, g1 gc, windows-amd64)
GC Precious Log:
 CPUs: 4 total, 4 available
 Memory: 8073M
 Large Page Support: Disabled
 NUMA Support: Disabled
 Compressed Oops: Enabled (32-bit)
 Heap Region Size: 1M
 Heap Min Capacity: 8M
 Heap Initial Capacity: 128M
 Heap Max Capacity: 2020M
 Pre-touch: Disabled
 Parallel Workers: 4
 Concurrent Workers: 1
 Concurrent Refinement Workers: 4
 Periodic GC: Disabled
Heap:
 garbage-first heap   total 133120K, used 56966K [0x0000000081c00000, 0x0000000100000000)
  region size 1024K, 15 young (15360K), 4 survivors (4096K)
 Metaspace       used 60598K, committed 60992K, reserved 1105920K
  class space    used 7014K, committed 7232K, reserved 1048576K
GC Heap History (20 events):
Event: 36.336 GC heap before
{Heap before GC invocations=18 (full 0):
 garbage-first heap   total 110592K, used 90465K [0x0000000081c00000, 0x0000000100000000)
  region size 1024K, 61 young (62464K), 5 survivors (5120K)
 Metaspace       used 37620K, committed 37888K, reserved 1089536K
  class space    used 4159K, committed 4288K, reserved 1048576K
}
Event: 36.351 GC heap after
{Heap after GC invocations=19 (full 0):
 garbage-first heap   total 110592K, used 34130K [0x0000000081c00000, 0x0000000100000000)
  region size 1024K, 4 young (4096K), 4 survivors (4096K)
 Metaspace       used 37620K, committed 37888K, reserved 1089536K
  class space    used 4159K, committed 4288K, reserved 1048576K
}
Event: 37.944 GC heap before
{Heap before GC invocations=19 (full 0):
 garbage-first heap   total 110592K, used 91474K [0x0000000081c00000, 0x0000000100000000)
  region size 1024K, 60 young (61440K), 4 survivors (4096K)
 Metaspace       used 39457K, committed 39744K, reserved 1089536K
  class space    used 4384K, committed 4544K, reserved 1048576K
}
Event: 37.957 GC heap after
{Heap after GC invocations=20 (full 0):
 garbage-first heap   total 110592K, used 34976K [0x0000000081c00000, 0x0000000100000000)
  region size 1024K, 5 young (5120K), 5 survivors (5120K)
 Metaspace       used 39457K, committed 39744K, reserved 1089536K
  class space    used 4384K, committed 4544K, reserved 1048576K
}
Event: 39.698 GC heap before
{Heap before GC invocations=20 (full 0):
 garbage-first heap   total 110592K, used 92320K [0x0000000081c00000, 0x0000000100000000)
  region size 1024K, 61 young (62464K), 5 survivors (5120K)
 Metaspace       used 41910K, committed 42240K, reserved 1089536K
  class space    used 4742K, committed 4864K, reserved 1048576K
}
Event: 39.714 GC heap after
{Heap after GC invocations=21 (full 0):
 garbage-first heap   total 110592K, used 35685K [0x0000000081c00000, 0x0000000100000000)
  region size 1024K, 5 young (5120K), 5 survivors (5120K)
 Metaspace       used 41910K, committed 42240K, reserved 1089536K
  class space    used 4742K, committed 4864K, reserved 1048576K
}
Event: 41.426 GC heap before
{Heap before GC invocations=21 (full 0):
 garbage-first heap   total 110592K, used 93029K [0x0000000081c00000, 0x0000000100000000)
  region size 1024K, 61 young (62464K), 5 survivors (5120K)
 Metaspace       used 43294K, committed 43520K, reserved 1089536K
  class space    used 4888K, committed 4992K, reserved 1048576K
}
Event: 41.444 GC heap after
{Heap after GC invocations=22 (full 0):
 garbage-first heap   total 110592K, used 37286K [0x0000000081c00000, 0x0000000100000000)
  region size 1024K, 6 young (6144K), 6 survivors (6144K)
 Metaspace       used 43294K, committed 43520K, reserved 1089536K
  class space    used 4888K, committed 4992K, reserved 1048576K
}
Event: 43.187 GC heap before
{Heap before GC invocations=22 (full 0):
 garbage-first heap   total 110592K, used 91558K [0x0000000081c00000, 0x0000000100000000)
  region size 1024K, 59 young (60416K), 6 survivors (6144K)
 Metaspace       used 45461K, committed 45760K, reserved 1097728K
  class space    used 5131K, committed 5248K, reserved 1048576K
}
Event: 43.207 GC heap after
{Heap after GC invocations=23 (full 0):
 garbage-first heap   total 110592K, used 37983K [0x0000000081c00000, 0x0000000100000000)
  region size 1024K, 5 young (5120K), 5 survivors (5120K)
 Metaspace       used 45461K, committed 45760K, reserved 1097728K
  class space    used 5131K, committed 5248K, reserved 1048576K
}
Event: 46.695 GC heap before
{Heap before GC invocations=23 (full 0):
 garbage-first heap   total 110592K, used 93279K [0x0000000081c00000, 0x0000000100000000)
  region size 1024K, 59 young (60416K), 5 survivors (5120K)
 Metaspace       used 49448K, committed 49792K, reserved 1097728K
  class space    used 5675K, committed 5824K, reserved 1048576K
}
Event: 46.718 GC heap after
{Heap after GC invocations=24 (full 0):
 garbage-first heap   total 110592K, used 40601K [0x0000000081c00000, 0x0000000100000000)
  region size 1024K, 6 young (6144K), 6 survivors (6144K)
 Metaspace       used 49448K, committed 49792K, reserved 1097728K
  class space    used 5675K, committed 5824K, reserved 1048576K
}
Event: 48.318 GC heap before
{Heap before GC invocations=24 (full 0):
 garbage-first heap   total 110592K, used 91801K [0x0000000081c00000, 0x0000000100000000)
  region size 1024K, 56 young (57344K), 6 survivors (6144K)
 Metaspace       used 52799K, committed 53248K, reserved 1097728K
  class space    used 6181K, committed 6400K, reserved 1048576K
}
Event: 48.337 GC heap after
{Heap after GC invocations=25 (full 0):
 garbage-first heap   total 110592K, used 41016K [0x0000000081c00000, 0x0000000100000000)
  region size 1024K, 4 young (4096K), 4 survivors (4096K)
 Metaspace       used 52799K, committed 53248K, reserved 1097728K
  class space    used 6181K, committed 6400K, reserved 1048576K
}
Event: 50.926 GC heap before
{Heap before GC invocations=25 (full 0):
 garbage-first heap   total 110592K, used 93240K [0x0000000081c00000, 0x0000000100000000)
  region size 1024K, 55 young (56320K), 4 survivors (4096K)
 Metaspace       used 55070K, committed 55488K, reserved 1105920K
  class space    used 6442K, committed 6656K, reserved 1048576K
}
Event: 50.947 GC heap after
{Heap after GC invocations=26 (full 0):
 garbage-first heap   total 133120K, used 42998K [0x0000000081c00000, 0x0000000100000000)
  region size 1024K, 5 young (5120K), 5 survivors (5120K)
 Metaspace       used 55070K, committed 55488K, reserved 1105920K
  class space    used 6442K, committed 6656K, reserved 1048576K
}
Event: 54.937 GC heap before
{Heap before GC invocations=26 (full 0):
 garbage-first heap   total 133120K, used 112630K [0x0000000081c00000, 0x0000000100000000)
  region size 1024K, 73 young (74752K), 5 survivors (5120K)
 Metaspace       used 57983K, committed 58368K, reserved 1105920K
  class space    used 6785K, committed 6976K, reserved 1048576K
}
Event: 54.950 GC heap after
{Heap after GC invocations=27 (full 0):
 garbage-first heap   total 133120K, used 45857K [0x0000000081c00000, 0x0000000100000000)
  region size 1024K, 8 young (8192K), 8 survivors (8192K)
 Metaspace       used 57983K, committed 58368K, reserved 1105920K
  class space    used 6785K, committed 6976K, reserved 1048576K
}
Event: 57.830 GC heap before
{Heap before GC invocations=27 (full 0):
 garbage-first heap   total 133120K, used 108321K [0x0000000081c00000, 0x0000000100000000)
  region size 1024K, 70 young (71680K), 8 survivors (8192K)
 Metaspace       used 60280K, committed 60608K, reserved 1105920K
  class space    used 6982K, committed 7168K, reserved 1048576K
}
Event: 57.846 GC heap after
{Heap after GC invocations=28 (full 0):
 garbage-first heap   total 133120K, used 46726K [0x0000000081c00000, 0x0000000100000000)
  region size 1024K, 4 young (4096K), 4 survivors (4096K)
 Metaspace       used 60280K, committed 60608K, reserved 1105920K
  class space    used 6982K, committed 7168K, reserved 1048576K
}

