# JRE version: OpenJDK Runtime Environment Temurin-17.0.4.1+1 (17.0.4.1+1) (build 17.0.4.1+1)
# Java VM: OpenJDK 64-Bit Server VM Temurin-17.0.4.1+1 (17.0.4.1+1, mixed mode, tiered, compressed oops, compressed class ptrs, g1 gc, windows-amd64)
GC Precious Log:
 CPUs: 4 total, 4 available
 Memory: 8073M
 Large Page Support: Disabled
 NUMA Support: Disabled
 Compressed Oops: Enabled (32-bit)
 Heap Region Size: 1M
 Heap Min Capacity: 8M
 Heap Initial Capacity: 128M
 Heap Max Capacity: 2020M
 Pre-touch: Disabled
 Parallel Workers: 4
 Concurrent Workers: 1
 Concurrent Refinement Workers: 4
 Periodic GC: Disabled
Heap:
 garbage-first heap   total 111616K, used 57634K [0x0000000081c00000, 0x0000000100000000)
  region size 1024K, 11 young (11264K), 2 survivors (2048K)
 Metaspace       used 53725K, committed 54080K, reserved 1097728K
  class space    used 6635K, committed 6784K, reserved 1048576K
GC Heap History (20 events):
Event: 17.432 GC heap before
{Heap before GC invocations=18 (full 0):
 garbage-first heap   total 91136K, used 76496K [0x0000000081c00000, 0x0000000100000000)
  region size 1024K, 42 young (43008K), 4 survivors (4096K)
 Metaspace       used 52092K, committed 52480K, reserved 1097728K
  class space    used 6432K, committed 6592K, reserved 1048576K
}
Event: 17.443 GC heap after
{Heap after GC invocations=19 (full 0):
 garbage-first heap   total 91136K, used 39092K [0x0000000081c00000, 0x0000000100000000)
  region size 1024K, 5 young (5120K), 5 survivors (5120K)
 Metaspace       used 52092K, committed 52480K, reserved 1097728K
  class space    used 6432K, committed 6592K, reserved 1048576K
}
Event: 18.144 GC heap before
{Heap before GC invocations=19 (full 0):
 garbage-first heap   total 91136K, used 73908K [0x0000000081c00000, 0x0000000100000000)
  region size 1024K, 40 young (40960K), 5 survivors (5120K)
 Metaspace       used 53708K, committed 54080K, reserved 1097728K
  class space    used 6613K, committed 6784K, reserved 1048576K
}
Event: 18.154 GC heap after
{Heap after GC invocations=20 (full 0):
 garbage-first heap   total 91136K, used 41173K [0x0000000081c00000, 0x0000000100000000)
  region size 1024K, 5 young (5120K), 5 survivors (5120K)
 Metaspace       used 53708K, committed 54080K, reserved 1097728K
  class space    used 6613K, committed 6784K, reserved 1048576K
}
Event: 18.381 GC heap before
{Heap before GC invocations=20 (full 0):
 garbage-first heap   total 91136K, used 75989K [0x0000000081c00000, 0x0000000100000000)
  region size 1024K, 39 young (39936K), 5 survivors (5120K)
 Metaspace       used 53708K, committed 54080K, reserved 1097728K
  class space    used 6613K, committed 6784K, reserved 1048576K
}
Event: 18.390 GC heap after
{Heap after GC invocations=21 (full 0):
 garbage-first heap   total 91136K, used 43851K [0x0000000081c00000, 0x0000000100000000)
  region size 1024K, 5 young (5120K), 5 survivors (5120K)
 Metaspace       used 53708K, committed 54080K, reserved 1097728K
  class space    used 6613K, committed 6784K, reserved 1048576K
}
Event: 18.513 GC heap before
{Heap before GC invocations=21 (full 0):
 garbage-first heap   total 91136K, used 74571K [0x0000000081c00000, 0x0000000100000000)
  region size 1024K, 35 young (35840K), 5 survivors (5120K)
 Metaspace       used 53708K, committed 54080K, reserved 1097728K
  class space    used 6613K, committed 6784K, reserved 1048576K
}
Event: 18.519 GC heap after
{Heap after GC invocations=22 (full 0):
 garbage-first heap   total 91136K, used 46574K [0x0000000081c00000, 0x0000000100000000)
  region size 1024K, 3 young (3072K), 3 survivors (3072K)
 Metaspace       used 53708K, committed 54080K, reserved 1097728K
  class space    used 6613K, committed 6784K, reserved 1048576K
}
Event: 18.892 GC heap before
{Heap before GC invocations=22 (full 0):
 garbage-first heap   total 91136K, used 75246K [0x0000000081c00000, 0x0000000100000000)
  region size 1024K, 31 young (31744K), 3 survivors (3072K)
 Metaspace       used 53710K, committed 54080K, reserved 1097728K
  class space    used 6613K, committed 6784K, reserved 1048576K
}
Event: 18.897 GC heap after
{Heap after GC invocations=23 (full 0):
 garbage-first heap   total 91136K, used 47988K [0x0000000081c00000, 0x0000000100000000)
  region size 1024K, 2 young (2048K), 2 survivors (2048K)
 Metaspace       used 53710K, committed 54080K, reserved 1097728K
  class space    used 6613K, committed 6784K, reserved 1048576K
}
Event: 19.502 GC heap before
{Heap before GC invocations=24 (full 0):
 garbage-first heap   total 91136K, used 75636K [0x0000000081c00000, 0x0000000100000000)
  region size 1024K, 29 young (29696K), 2 survivors (2048K)
 Metaspace       used 53699K, committed 54080K, reserved 1097728K
  class space    used 6613K, committed 6784K, reserved 1048576K
}
Event: 19.507 GC heap after
{Heap after GC invocations=25 (full 0):
 garbage-first heap   total 91136K, used 48304K [0x0000000081c00000, 0x0000000100000000)
  region size 1024K, 3 young (3072K), 3 survivors (3072K)
 Metaspace       used 53699K, committed 54080K, reserved 1097728K
  class space    used 6613K, committed 6784K, reserved 1048576K
}
Event: 19.904 GC heap before
{Heap before GC invocations=25 (full 0):
 garbage-first heap   total 91136K, used 74928K [0x0000000081c00000, 0x0000000100000000)
  region size 1024K, 29 young (29696K), 3 survivors (3072K)
 Metaspace       used 53699K, committed 54080K, reserved 1097728K
  class space    used 6613K, committed 6784K, reserved 1048576K
}
Event: 19.911 GC heap after
{Heap after GC invocations=26 (full 0):
 garbage-first heap   total 111616K, used 48405K [0x0000000081c00000, 0x0000000100000000)
  region size 1024K, 3 young (3072K), 3 survivors (3072K)
 Metaspace       used 53699K, committed 54080K, reserved 1097728K
  class space    used 6613K, committed 6784K, reserved 1048576K
}
Event: 20.576 GC heap before
{Heap before GC invocations=27 (full 0):
 garbage-first heap   total 111616K, used 92308K [0x0000000081c00000, 0x0000000100000000)
  region size 1024K, 46 young (47104K), 3 survivors (3072K)
 Metaspace       used 53699K, committed 54080K, reserved 1097728K
  class space    used 6613K, committed 6784K, reserved 1048576K
}
Event: 20.580 GC heap after
{Heap after GC invocations=28 (full 0):
 garbage-first heap   total 111616K, used 48917K [0x0000000081c00000, 0x0000000100000000)
  region size 1024K, 3 young (3072K), 3 survivors (3072K)
 Metaspace       used 53699K, committed 54080K, reserved 1097728K
  class space    used 6613K, committed 6784K, reserved 1048576K
}
Event: 20.619 GC heap before
{Heap before GC invocations=28 (full 0):
 garbage-first heap   total 111616K, used 50965K [0x0000000081c00000, 0x0000000100000000)
  region size 1024K, 5 young (5120K), 3 survivors (3072K)
 Metaspace       used 53699K, committed 54080K, reserved 1097728K
  class space    used 6613K, committed 6784K, reserved 1048576K
}
Event: 20.624 GC heap after
{Heap after GC invocations=29 (full 0):
 garbage-first heap   total 111616K, used 48000K [0x0000000081c00000, 0x0000000100000000)
  region size 1024K, 1 young (1024K), 1 survivors (1024K)
 Metaspace       used 53699K, committed 54080K, reserved 1097728K
  class space    used 6613K, committed 6784K, reserved 1048576K
}
Event: 21.285 GC heap before
{Heap before GC invocations=29 (full 0):
 garbage-first heap   total 111616K, used 94080K [0x0000000081c00000, 0x0000000100000000)
  region size 1024K, 46 young (47104K), 1 survivors (1024K)
 Metaspace       used 53721K, committed 54080K, reserved 1097728K
  class space    used 6633K, committed 6784K, reserved 1048576K
}
Event: 21.287 GC heap after
{Heap after GC invocations=30 (full 0):
 garbage-first heap   total 111616K, used 48832K [0x0000000081c00000, 0x0000000100000000)
  region size 1024K, 2 young (2048K), 2 survivors (2048K)
 Metaspace       used 53721K, committed 54080K, reserved 1097728K
  class space    used 6633K, committed 6784K, reserved 1048576K
}

