# JRE version: OpenJDK Runtime Environment Temurin-17.0.4.1+1 (17.0.4.1+1) (build 17.0.4.1+1)
# Java VM: OpenJDK 64-Bit Server VM Temurin-17.0.4.1+1 (17.0.4.1+1, mixed mode, tiered, compressed oops, compressed class ptrs, g1 gc, windows-amd64)
GC Precious Log:
 CPUs: 4 total, 4 available
 Memory: 8073M
 Large Page Support: Disabled
 NUMA Support: Disabled
 Compressed Oops: Enabled (32-bit)
 Heap Region Size: 1M
 Heap Min Capacity: 8M
 Heap Initial Capacity: 128M
 Heap Max Capacity: 2020M
 Pre-touch: Disabled
 Parallel Workers: 4
 Concurrent Workers: 1
 Concurrent Refinement Workers: 4
 Periodic GC: Disabled
Heap:
 garbage-first heap   total 160768K, used 131413K [0x0000000081c00000, 0x0000000100000000)
  region size 1024K, 79 young (80896K), 6 survivors (6144K)
 Metaspace       used 69026K, committed 69440K, reserved 1114112K
  class space    used 8522K, committed 8704K, reserved 1048576K
GC Heap History (20 events):
Event: 41.229 GC heap after
{Heap after GC invocations=31 (full 0):
 garbage-first heap   total 75776K, used 41461K [0x0000000081c00000, 0x0000000100000000)
  region size 1024K, 3 young (3072K), 3 survivors (3072K)
 Metaspace       used 53625K, committed 53888K, reserved 1097728K
  class space    used 6296K, committed 6400K, reserved 1048576K
}
Event: 41.832 GC heap before
{Heap before GC invocations=32 (full 0):
 garbage-first heap   total 75776K, used 63989K [0x0000000081c00000, 0x0000000100000000)
  region size 1024K, 25 young (25600K), 3 survivors (3072K)
 Metaspace       used 55709K, committed 56000K, reserved 1105920K
  class space    used 6655K, committed 6784K, reserved 1048576K
}
Event: 41.839 GC heap after
{Heap after GC invocations=33 (full 0):
 garbage-first heap   total 75776K, used 42460K [0x0000000081c00000, 0x0000000100000000)
  region size 1024K, 3 young (3072K), 3 survivors (3072K)
 Metaspace       used 55709K, committed 56000K, reserved 1105920K
  class space    used 6655K, committed 6784K, reserved 1048576K
}
Event: 41.876 GC heap before
{Heap before GC invocations=33 (full 0):
 garbage-first heap   total 75776K, used 43484K [0x0000000081c00000, 0x0000000100000000)
  region size 1024K, 4 young (4096K), 3 survivors (3072K)
 Metaspace       used 55824K, committed 56128K, reserved 1105920K
  class space    used 6679K, committed 6848K, reserved 1048576K
}
Event: 41.881 GC heap after
{Heap after GC invocations=34 (full 0):
 garbage-first heap   total 75776K, used 42478K [0x0000000081c00000, 0x0000000100000000)
  region size 1024K, 1 young (1024K), 1 survivors (1024K)
 Metaspace       used 55824K, committed 56128K, reserved 1105920K
  class space    used 6679K, committed 6848K, reserved 1048576K
}
Event: 42.314 GC heap before
{Heap before GC invocations=34 (full 0):
 garbage-first heap   total 75776K, used 62958K [0x0000000081c00000, 0x0000000100000000)
  region size 1024K, 21 young (21504K), 1 survivors (1024K)
 Metaspace       used 57567K, committed 57920K, reserved 1105920K
  class space    used 6984K, committed 7168K, reserved 1048576K
}
Event: 42.316 GC heap after
{Heap after GC invocations=35 (full 0):
 garbage-first heap   total 75776K, used 42546K [0x0000000081c00000, 0x0000000100000000)
  region size 1024K, 1 young (1024K), 1 survivors (1024K)
 Metaspace       used 57567K, committed 57920K, reserved 1105920K
  class space    used 6984K, committed 7168K, reserved 1048576K
}
Event: 42.770 GC heap before
{Heap before GC invocations=36 (full 0):
 garbage-first heap   total 81920K, used 63026K [0x0000000081c00000, 0x0000000100000000)
  region size 1024K, 21 young (21504K), 1 survivors (1024K)
 Metaspace       used 59117K, committed 59520K, reserved 1105920K
  class space    used 7266K, committed 7488K, reserved 1048576K
}
Event: 42.773 GC heap after
{Heap after GC invocations=37 (full 0):
 garbage-first heap   total 81920K, used 42776K [0x0000000081c00000, 0x0000000100000000)
  region size 1024K, 1 young (1024K), 1 survivors (1024K)
 Metaspace       used 59117K, committed 59520K, reserved 1105920K
  class space    used 7266K, committed 7488K, reserved 1048576K
}
Event: 42.857 GC heap before
{Heap before GC invocations=37 (full 0):
 garbage-first heap   total 81920K, used 45848K [0x0000000081c00000, 0x0000000100000000)
  region size 1024K, 4 young (4096K), 1 survivors (1024K)
 Metaspace       used 59320K, committed 59712K, reserved 1105920K
  class space    used 7298K, committed 7488K, reserved 1048576K
}
Event: 42.862 GC heap after
{Heap after GC invocations=38 (full 0):
 garbage-first heap   total 81920K, used 42903K [0x0000000081c00000, 0x0000000100000000)
  region size 1024K, 1 young (1024K), 1 survivors (1024K)
 Metaspace       used 59320K, committed 59712K, reserved 1105920K
  class space    used 7298K, committed 7488K, reserved 1048576K
}
Event: 43.696 GC heap before
{Heap before GC invocations=38 (full 0):
 garbage-first heap   total 81920K, used 69527K [0x0000000081c00000, 0x0000000100000000)
  region size 1024K, 27 young (27648K), 1 survivors (1024K)
 Metaspace       used 61106K, committed 61504K, reserved 1105920K
  class space    used 7526K, committed 7744K, reserved 1048576K
}
Event: 43.701 GC heap after
{Heap after GC invocations=39 (full 0):
 garbage-first heap   total 160768K, used 44186K [0x0000000081c00000, 0x0000000100000000)
  region size 1024K, 3 young (3072K), 3 survivors (3072K)
 Metaspace       used 61106K, committed 61504K, reserved 1105920K
  class space    used 7526K, committed 7744K, reserved 1048576K
}
Event: 46.695 GC heap before
{Heap before GC invocations=39 (full 0):
 garbage-first heap   total 160768K, used 129178K [0x0000000081c00000, 0x0000000100000000)
  region size 1024K, 86 young (88064K), 3 survivors (3072K)
 Metaspace       used 66100K, committed 66496K, reserved 1114112K
  class space    used 8111K, committed 8320K, reserved 1048576K
}
Event: 46.707 GC heap after
{Heap after GC invocations=40 (full 0):
 garbage-first heap   total 160768K, used 47589K [0x0000000081c00000, 0x0000000100000000)
  region size 1024K, 6 young (6144K), 6 survivors (6144K)
 Metaspace       used 66100K, committed 66496K, reserved 1114112K
  class space    used 8111K, committed 8320K, reserved 1048576K
}
Event: 48.786 GC heap before
{Heap before GC invocations=40 (full 0):
 garbage-first heap   total 160768K, used 130533K [0x0000000081c00000, 0x0000000100000000)
  region size 1024K, 87 young (89088K), 6 survivors (6144K)
 Metaspace       used 68669K, committed 69056K, reserved 1114112K
  class space    used 8474K, committed 8640K, reserved 1048576K
}
Event: 48.802 GC heap after
{Heap after GC invocations=41 (full 0):
 garbage-first heap   total 160768K, used 53068K [0x0000000081c00000, 0x0000000100000000)
  region size 1024K, 11 young (11264K), 11 survivors (11264K)
 Metaspace       used 68669K, committed 69056K, reserved 1114112K
  class space    used 8474K, committed 8640K, reserved 1048576K
}
Event: 49.407 GC heap before
{Heap before GC invocations=41 (full 0):
 garbage-first heap   total 160768K, used 130892K [0x0000000081c00000, 0x0000000100000000)
  region size 1024K, 87 young (89088K), 11 survivors (11264K)
 Metaspace       used 69023K, committed 69440K, reserved 1114112K
  class space    used 8522K, committed 8704K, reserved 1048576K
}
Event: 49.422 GC heap after
{Heap after GC invocations=42 (full 0):
 garbage-first heap   total 160768K, used 56661K [0x0000000081c00000, 0x0000000100000000)
  region size 1024K, 9 young (9216K), 9 survivors (9216K)
 Metaspace       used 69023K, committed 69440K, reserved 1114112K
  class space    used 8522K, committed 8704K, reserved 1048576K
}
Event: 50.310 GC heap before
{Heap before GC invocations=42 (full 0):
 garbage-first heap   total 160768K, used 131413K [0x0000000081c00000, 0x0000000100000000)
  region size 1024K, 82 young (83968K), 9 survivors (9216K)
 Metaspace       used 69026K, committed 69440K, reserved 1114112K
  class space    used 8522K, committed 8704K, reserved 1048576K
}

