# JRE version: OpenJDK Runtime Environment Temurin-17.0.4.1+1 (17.0.4.1+1) (build 17.0.4.1+1)
# Java VM: OpenJDK 64-Bit Server VM Temurin-17.0.4.1+1 (17.0.4.1+1, mixed mode, tiered, compressed oops, compressed class ptrs, g1 gc, windows-amd64)
GC Precious Log:
 CPUs: 4 total, 4 available
 Memory: 8073M
 Large Page Support: Disabled
 NUMA Support: Disabled
 Compressed Oops: Enabled (32-bit)
 Heap Region Size: 1M
 Heap Min Capacity: 8M
 Heap Initial Capacity: 128M
 Heap Max Capacity: 2020M
 Pre-touch: Disabled
 Parallel Workers: 4
 Concurrent Workers: 1
 Concurrent Refinement Workers: 4
 Periodic GC: Disabled
Heap:
 garbage-first heap   total 124928K, used 96875K [0x0000000081c00000, 0x0000000100000000)
  region size 1024K, 38 young (38912K), 4 survivors (4096K)
 Metaspace       used 76362K, committed 76864K, reserved 1122304K
  class space    used 9568K, committed 9792K, reserved 1048576K
GC Heap History (20 events):
Event: 20.197 GC heap before
{Heap before GC invocations=30 (full 0):
 garbage-first heap   total 73728K, used 60750K [0x0000000081c00000, 0x0000000100000000)
  region size 1024K, 25 young (25600K), 2 survivors (2048K)
 Metaspace       used 56213K, committed 56576K, reserved 1105920K
  class space    used 7038K, committed 7232K, reserved 1048576K
}
Event: 20.204 GC heap after
{Heap after GC invocations=31 (full 0):
 garbage-first heap   total 73728K, used 38442K [0x0000000081c00000, 0x0000000100000000)
  region size 1024K, 3 young (3072K), 3 survivors (3072K)
 Metaspace       used 56213K, committed 56576K, reserved 1105920K
  class space    used 7038K, committed 7232K, reserved 1048576K
}
Event: 20.267 GC heap before
{Heap before GC invocations=31 (full 0):
 garbage-first heap   total 73728K, used 39466K [0x0000000081c00000, 0x0000000100000000)
  region size 1024K, 4 young (4096K), 3 survivors (3072K)
 Metaspace       used 56252K, committed 56640K, reserved 1105920K
  class space    used 7040K, committed 7232K, reserved 1048576K
}
Event: 20.277 GC heap after
{Heap after GC invocations=32 (full 0):
 garbage-first heap   total 73728K, used 38274K [0x0000000081c00000, 0x0000000100000000)
  region size 1024K, 1 young (1024K), 1 survivors (1024K)
 Metaspace       used 56252K, committed 56640K, reserved 1105920K
  class space    used 7040K, committed 7232K, reserved 1048576K
}
Event: 21.151 GC heap before
{Heap before GC invocations=32 (full 0):
 garbage-first heap   total 73728K, used 58754K [0x0000000081c00000, 0x0000000100000000)
  region size 1024K, 22 young (22528K), 1 survivors (1024K)
 Metaspace       used 57542K, committed 57984K, reserved 1105920K
  class space    used 7221K, committed 7424K, reserved 1048576K
}
Event: 21.157 GC heap after
{Heap after GC invocations=33 (full 0):
 garbage-first heap   total 124928K, used 39495K [0x0000000081c00000, 0x0000000100000000)
  region size 1024K, 2 young (2048K), 2 survivors (2048K)
 Metaspace       used 57542K, committed 57984K, reserved 1105920K
  class space    used 7221K, committed 7424K, reserved 1048576K
}
Event: 23.485 GC heap before
{Heap before GC invocations=34 (full 0):
 garbage-first heap   total 124928K, used 101959K [0x0000000081c00000, 0x0000000100000000)
  region size 1024K, 63 young (64512K), 2 survivors (2048K)
 Metaspace       used 61035K, committed 61376K, reserved 1105920K
  class space    used 7646K, committed 7808K, reserved 1048576K
}
Event: 23.494 GC heap after
{Heap after GC invocations=35 (full 0):
 garbage-first heap   total 124928K, used 41994K [0x0000000081c00000, 0x0000000100000000)
  region size 1024K, 5 young (5120K), 5 survivors (5120K)
 Metaspace       used 61035K, committed 61376K, reserved 1105920K
  class space    used 7646K, committed 7808K, reserved 1048576K
}
Event: 23.515 GC heap before
{Heap before GC invocations=35 (full 0):
 garbage-first heap   total 124928K, used 43018K [0x0000000081c00000, 0x0000000100000000)
  region size 1024K, 6 young (6144K), 5 survivors (5120K)
 Metaspace       used 61301K, committed 61760K, reserved 1105920K
  class space    used 7675K, committed 7936K, reserved 1048576K
}
Event: 23.522 GC heap after
{Heap after GC invocations=36 (full 0):
 garbage-first heap   total 124928K, used 41882K [0x0000000081c00000, 0x0000000100000000)
  region size 1024K, 1 young (1024K), 1 survivors (1024K)
 Metaspace       used 61301K, committed 61760K, reserved 1105920K
  class space    used 7675K, committed 7936K, reserved 1048576K
}
Event: 25.728 GC heap before
{Heap before GC invocations=36 (full 0):
 garbage-first heap   total 124928K, used 101274K [0x0000000081c00000, 0x0000000100000000)
  region size 1024K, 60 young (61440K), 1 survivors (1024K)
 Metaspace       used 66490K, committed 66880K, reserved 1114112K
  class space    used 8385K, committed 8576K, reserved 1048576K
}
Event: 25.737 GC heap after
{Heap after GC invocations=37 (full 0):
 garbage-first heap   total 124928K, used 44933K [0x0000000081c00000, 0x0000000100000000)
  region size 1024K, 4 young (4096K), 4 survivors (4096K)
 Metaspace       used 66490K, committed 66880K, reserved 1114112K
  class space    used 8385K, committed 8576K, reserved 1048576K
}
Event: 27.342 GC heap before
{Heap before GC invocations=37 (full 0):
 garbage-first heap   total 124928K, used 101253K [0x0000000081c00000, 0x0000000100000000)
  region size 1024K, 60 young (61440K), 4 survivors (4096K)
 Metaspace       used 70532K, committed 70976K, reserved 1114112K
  class space    used 8874K, committed 9088K, reserved 1048576K
}
Event: 27.358 GC heap after
{Heap after GC invocations=38 (full 0):
 garbage-first heap   total 124928K, used 50816K [0x0000000081c00000, 0x0000000100000000)
  region size 1024K, 8 young (8192K), 8 survivors (8192K)
 Metaspace       used 70532K, committed 70976K, reserved 1114112K
  class space    used 8874K, committed 9088K, reserved 1048576K
}
Event: 28.801 GC heap before
{Heap before GC invocations=38 (full 0):
 garbage-first heap   total 124928K, used 100992K [0x0000000081c00000, 0x0000000100000000)
  region size 1024K, 57 young (58368K), 8 survivors (8192K)
 Metaspace       used 72854K, committed 73344K, reserved 1114112K
  class space    used 9177K, committed 9408K, reserved 1048576K
}
Event: 28.819 GC heap after
{Heap after GC invocations=39 (full 0):
 garbage-first heap   total 124928K, used 55002K [0x0000000081c00000, 0x0000000100000000)
  region size 1024K, 4 young (4096K), 4 survivors (4096K)
 Metaspace       used 72854K, committed 73344K, reserved 1114112K
  class space    used 9177K, committed 9408K, reserved 1048576K
}
Event: 30.081 GC heap before
{Heap before GC invocations=39 (full 0):
 garbage-first heap   total 124928K, used 101082K [0x0000000081c00000, 0x0000000100000000)
  region size 1024K, 49 young (50176K), 4 survivors (4096K)
 Metaspace       used 74259K, committed 74752K, reserved 1122304K
  class space    used 9323K, committed 9536K, reserved 1048576K
}
Event: 30.099 GC heap after
{Heap after GC invocations=40 (full 0):
 garbage-first heap   total 124928K, used 58900K [0x0000000081c00000, 0x0000000100000000)
  region size 1024K, 7 young (7168K), 7 survivors (7168K)
 Metaspace       used 74259K, committed 74752K, reserved 1122304K
  class space    used 9323K, committed 9536K, reserved 1048576K
}
Event: 31.140 GC heap before
{Heap before GC invocations=40 (full 0):
 garbage-first heap   total 124928K, used 100884K [0x0000000081c00000, 0x0000000100000000)
  region size 1024K, 48 young (49152K), 7 survivors (7168K)
 Metaspace       used 75244K, committed 75712K, reserved 1122304K
  class space    used 9431K, committed 9664K, reserved 1048576K
}
Event: 31.157 GC heap after
{Heap after GC invocations=41 (full 0):
 garbage-first heap   total 124928K, used 63083K [0x0000000081c00000, 0x0000000100000000)
  region size 1024K, 4 young (4096K), 4 survivors (4096K)
 Metaspace       used 75244K, committed 75712K, reserved 1122304K
  class space    used 9431K, committed 9664K, reserved 1048576K
}

