# JRE version: OpenJDK Runtime Environment Temurin-17.0.4.1+1 (17.0.4.1+1) (build 17.0.4.1+1)
# Java VM: OpenJDK 64-Bit Server VM Temurin-17.0.4.1+1 (17.0.4.1+1, mixed mode, tiered, compressed oops, compressed class ptrs, g1 gc, windows-amd64)
GC Precious Log:
 CPUs: 4 total, 4 available
 Memory: 8073M
 Large Page Support: Disabled
 NUMA Support: Disabled
 Compressed Oops: Enabled (32-bit)
 Heap Region Size: 1M
 Heap Min Capacity: 8M
 Heap Initial Capacity: 128M
 Heap Max Capacity: 2020M
 Pre-touch: Disabled
 Parallel Workers: 4
 Concurrent Workers: 1
 Concurrent Refinement Workers: 4
 Periodic GC: Disabled
Heap:
 garbage-first heap   total 177152K, used 98258K [0x0000000081c00000, 0x0000000100000000)
  region size 1024K, 14 young (14336K), 6 survivors (6144K)
 Metaspace       used 98922K, committed 99584K, reserved 1138688K
  class space    used 12707K, committed 13056K, reserved 1048576K
GC Heap History (20 events):
Event: 25.566 GC heap before
{Heap before GC invocations=27 (full 0):
 garbage-first heap   total 147456K, used 117171K [0x0000000081c00000, 0x0000000100000000)
  region size 1024K, 75 young (76800K), 11 survivors (11264K)
 Metaspace       used 73690K, committed 74176K, reserved 1114112K
  class space    used 9294K, committed 9536K, reserved 1048576K
}
Event: 25.586 GC heap after
{Heap after GC invocations=28 (full 0):
 garbage-first heap   total 147456K, used 57124K [0x0000000081c00000, 0x0000000100000000)
  region size 1024K, 5 young (5120K), 5 survivors (5120K)
 Metaspace       used 73690K, committed 74176K, reserved 1114112K
  class space    used 9294K, committed 9536K, reserved 1048576K
}
Event: 26.929 GC heap before
{Heap before GC invocations=28 (full 0):
 garbage-first heap   total 147456K, used 118564K [0x0000000081c00000, 0x0000000100000000)
  region size 1024K, 65 young (66560K), 5 survivors (5120K)
 Metaspace       used 75189K, committed 75648K, reserved 1122304K
  class space    used 9441K, committed 9664K, reserved 1048576K
}
Event: 26.949 GC heap after
{Heap after GC invocations=29 (full 0):
 garbage-first heap   total 147456K, used 63247K [0x0000000081c00000, 0x0000000100000000)
  region size 1024K, 9 young (9216K), 9 survivors (9216K)
 Metaspace       used 75189K, committed 75648K, reserved 1122304K
  class space    used 9441K, committed 9664K, reserved 1048576K
}
Event: 28.040 GC heap before
{Heap before GC invocations=29 (full 0):
 garbage-first heap   total 147456K, used 118543K [0x0000000081c00000, 0x0000000100000000)
  region size 1024K, 63 young (64512K), 9 survivors (9216K)
 Metaspace       used 77791K, committed 78336K, reserved 1122304K
  class space    used 9860K, committed 10112K, reserved 1048576K
}
Event: 28.058 GC heap after
{Heap after GC invocations=30 (full 0):
 garbage-first heap   total 177152K, used 66093K [0x0000000081c00000, 0x0000000100000000)
  region size 1024K, 3 young (3072K), 3 survivors (3072K)
 Metaspace       used 77791K, committed 78336K, reserved 1122304K
  class space    used 9860K, committed 10112K, reserved 1048576K
}
Event: 29.678 GC heap before
{Heap before GC invocations=30 (full 0):
 garbage-first heap   total 177152K, used 142893K [0x0000000081c00000, 0x0000000100000000)
  region size 1024K, 78 young (79872K), 3 survivors (3072K)
 Metaspace       used 80988K, committed 81536K, reserved 1122304K
  class space    used 10284K, committed 10560K, reserved 1048576K
}
Event: 29.694 GC heap after
{Heap after GC invocations=31 (full 0):
 garbage-first heap   total 177152K, used 67444K [0x0000000081c00000, 0x0000000100000000)
  region size 1024K, 4 young (4096K), 4 survivors (4096K)
 Metaspace       used 80988K, committed 81536K, reserved 1122304K
  class space    used 10284K, committed 10560K, reserved 1048576K
}
Event: 31.393 GC heap before
{Heap before GC invocations=31 (full 0):
 garbage-first heap   total 177152K, used 144244K [0x0000000081c00000, 0x0000000100000000)
  region size 1024K, 80 young (81920K), 4 survivors (4096K)
 Metaspace       used 82652K, committed 83136K, reserved 1122304K
  class space    used 10382K, committed 10624K, reserved 1048576K
}
Event: 31.407 GC heap after
{Heap after GC invocations=32 (full 0):
 garbage-first heap   total 177152K, used 72351K [0x0000000081c00000, 0x0000000100000000)
  region size 1024K, 9 young (9216K), 9 survivors (9216K)
 Metaspace       used 82652K, committed 83136K, reserved 1122304K
  class space    used 10382K, committed 10624K, reserved 1048576K
}
Event: 33.307 GC heap before
{Heap before GC invocations=32 (full 0):
 garbage-first heap   total 177152K, used 145055K [0x0000000081c00000, 0x0000000100000000)
  region size 1024K, 80 young (81920K), 9 survivors (9216K)
 Metaspace       used 84514K, committed 85120K, reserved 1130496K
  class space    used 10595K, committed 10944K, reserved 1048576K
}
Event: 33.328 GC heap after
{Heap after GC invocations=33 (full 0):
 garbage-first heap   total 177152K, used 77559K [0x0000000081c00000, 0x0000000100000000)
  region size 1024K, 10 young (10240K), 10 survivors (10240K)
 Metaspace       used 84514K, committed 85120K, reserved 1130496K
  class space    used 10595K, committed 10944K, reserved 1048576K
}
Event: 35.084 GC heap before
{Heap before GC invocations=33 (full 0):
 garbage-first heap   total 177152K, used 145143K [0x0000000081c00000, 0x0000000100000000)
  region size 1024K, 76 young (77824K), 10 survivors (10240K)
 Metaspace       used 87215K, committed 87872K, reserved 1130496K
  class space    used 11000K, committed 11328K, reserved 1048576K
}
Event: 35.103 GC heap after
{Heap after GC invocations=34 (full 0):
 garbage-first heap   total 177152K, used 80767K [0x0000000081c00000, 0x0000000100000000)
  region size 1024K, 9 young (9216K), 9 survivors (9216K)
 Metaspace       used 87215K, committed 87872K, reserved 1130496K
  class space    used 11000K, committed 11328K, reserved 1048576K
}
Event: 37.073 GC heap before
{Heap before GC invocations=34 (full 0):
 garbage-first heap   total 177152K, used 144255K [0x0000000081c00000, 0x0000000100000000)
  region size 1024K, 72 young (73728K), 9 survivors (9216K)
 Metaspace       used 90276K, committed 90880K, reserved 1130496K
  class space    used 11450K, committed 11776K, reserved 1048576K
}
Event: 37.091 GC heap after
{Heap after GC invocations=35 (full 0):
 garbage-first heap   total 177152K, used 85292K [0x0000000081c00000, 0x0000000100000000)
  region size 1024K, 8 young (8192K), 8 survivors (8192K)
 Metaspace       used 90276K, committed 90880K, reserved 1130496K
  class space    used 11450K, committed 11776K, reserved 1048576K
}
Event: 38.307 GC heap before
{Heap before GC invocations=35 (full 0):
 garbage-first heap   total 177152K, used 146732K [0x0000000081c00000, 0x0000000100000000)
  region size 1024K, 68 young (69632K), 8 survivors (8192K)
 Metaspace       used 96481K, committed 97152K, reserved 1138688K
  class space    used 12349K, committed 12672K, reserved 1048576K
}
Event: 38.323 GC heap after
{Heap after GC invocations=36 (full 0):
 garbage-first heap   total 177152K, used 87687K [0x0000000081c00000, 0x0000000100000000)
  region size 1024K, 7 young (7168K), 7 survivors (7168K)
 Metaspace       used 96481K, committed 97152K, reserved 1138688K
  class space    used 12349K, committed 12672K, reserved 1048576K
}
Event: 39.562 GC heap before
{Heap before GC invocations=36 (full 0):
 garbage-first heap   total 177152K, used 148103K [0x0000000081c00000, 0x0000000100000000)
  region size 1024K, 66 young (67584K), 7 survivors (7168K)
 Metaspace       used 98815K, committed 99520K, reserved 1138688K
  class space    used 12685K, committed 13056K, reserved 1048576K
}
Event: 39.580 GC heap after
{Heap after GC invocations=37 (full 0):
 garbage-first heap   total 177152K, used 91090K [0x0000000081c00000, 0x0000000100000000)
  region size 1024K, 6 young (6144K), 6 survivors (6144K)
 Metaspace       used 98815K, committed 99520K, reserved 1138688K
  class space    used 12685K, committed 13056K, reserved 1048576K
}

