# JRE version: Java(TM) SE Runtime Environment (17.0.2+8) (build 17.0.2+8-LTS-86)
# Java VM: Java HotSpot(TM) 64-Bit Server VM (17.0.2+8-LTS-86, mixed mode, emulated-client, sharing, tiered, compressed oops, compressed class ptrs, g1 gc, windows-amd64)
GC Precious Log:
 CPUs: 4 total, 4 available
 Memory: 8073M
 Large Page Support: Disabled
 NUMA Support: Disabled
 Compressed Oops: Enabled (32-bit)
 Heap Region Size: 1M
 Heap Min Capacity: 8M
 Heap Initial Capacity: 128M
 Heap Max Capacity: 2020M
 Pre-touch: Disabled
 Parallel Workers: 4
 Concurrent Workers: 1
 Concurrent Refinement Workers: 4
 Periodic GC: Disabled
Heap:
 garbage-first heap   total 172032K, used 144551K [0x0000000081c00000, 0x0000000100000000)
  region size 1024K, 91 young (93184K), 5 survivors (5120K)
 Metaspace       used 48184K, committed 48640K, reserved 1097728K
  class space    used 6589K, committed 6784K, reserved 1048576K
GC Heap History (20 events):
Event: 16.338 GC heap after
{Heap after GC invocations=20 (full 0):
 garbage-first heap   total 86016K, used 37803K [0x0000000081c00000, 0x0000000100000000)
  region size 1024K, 5 young (5120K), 5 survivors (5120K)
 Metaspace       used 38226K, committed 38656K, reserved 1089536K
  class space    used 5215K, committed 5440K, reserved 1048576K
}
Event: 16.350 GC heap before
{Heap before GC invocations=20 (full 0):
 garbage-first heap   total 86016K, used 38827K [0x0000000081c00000, 0x0000000100000000)
  region size 1024K, 6 young (6144K), 5 survivors (5120K)
 Metaspace       used 38318K, committed 38784K, reserved 1089536K
  class space    used 5223K, committed 5440K, reserved 1048576K
}
Event: 16.356 GC heap after
{Heap after GC invocations=21 (full 0):
 garbage-first heap   total 86016K, used 38421K [0x0000000081c00000, 0x0000000100000000)
  region size 1024K, 1 young (1024K), 1 survivors (1024K)
 Metaspace       used 38318K, committed 38784K, reserved 1089536K
  class space    used 5223K, committed 5440K, reserved 1048576K
}
Event: 16.839 GC heap before
{Heap before GC invocations=21 (full 0):
 garbage-first heap   total 86016K, used 71189K [0x0000000081c00000, 0x0000000100000000)
  region size 1024K, 33 young (33792K), 1 survivors (1024K)
 Metaspace       used 40516K, committed 40960K, reserved 1089536K
  class space    used 5505K, committed 5696K, reserved 1048576K
}
Event: 16.842 GC heap after
{Heap after GC invocations=22 (full 0):
 garbage-first heap   total 86016K, used 39453K [0x0000000081c00000, 0x0000000100000000)
  region size 1024K, 2 young (2048K), 2 survivors (2048K)
 Metaspace       used 40516K, committed 40960K, reserved 1089536K
  class space    used 5505K, committed 5696K, reserved 1048576K
}
Event: 17.309 GC heap before
{Heap before GC invocations=22 (full 0):
 garbage-first heap   total 86016K, used 71197K [0x0000000081c00000, 0x0000000100000000)
  region size 1024K, 33 young (33792K), 2 survivors (2048K)
 Metaspace       used 42619K, committed 43008K, reserved 1089536K
  class space    used 5773K, committed 5952K, reserved 1048576K
}
Event: 17.315 GC heap after
{Heap after GC invocations=23 (full 0):
 garbage-first heap   total 86016K, used 41450K [0x0000000081c00000, 0x0000000100000000)
  region size 1024K, 4 young (4096K), 4 survivors (4096K)
 Metaspace       used 42619K, committed 43008K, reserved 1089536K
  class space    used 5773K, committed 5952K, reserved 1048576K
}
Event: 17.536 GC heap before
{Heap before GC invocations=23 (full 0):
 garbage-first heap   total 86016K, used 70122K [0x0000000081c00000, 0x0000000100000000)
  region size 1024K, 33 young (33792K), 4 survivors (4096K)
 Metaspace       used 43203K, committed 43712K, reserved 1089536K
  class space    used 5840K, committed 6080K, reserved 1048576K
}
Event: 17.545 GC heap after
{Heap after GC invocations=24 (full 0):
 garbage-first heap   total 172032K, used 44199K [0x0000000081c00000, 0x0000000100000000)
  region size 1024K, 5 young (5120K), 5 survivors (5120K)
 Metaspace       used 43203K, committed 43712K, reserved 1089536K
  class space    used 5840K, committed 6080K, reserved 1048576K
}
Event: 19.525 GC heap before
{Heap before GC invocations=24 (full 0):
 garbage-first heap   total 172032K, used 136359K [0x0000000081c00000, 0x0000000100000000)
  region size 1024K, 95 young (97280K), 5 survivors (5120K)
 Metaspace       used 47825K, committed 48256K, reserved 1097728K
  class space    used 6520K, committed 6720K, reserved 1048576K
}
Event: 19.538 GC heap after
{Heap after GC invocations=25 (full 0):
 garbage-first heap   total 172032K, used 47544K [0x0000000081c00000, 0x0000000100000000)
  region size 1024K, 8 young (8192K), 8 survivors (8192K)
 Metaspace       used 47825K, committed 48256K, reserved 1097728K
  class space    used 6520K, committed 6720K, reserved 1048576K
}
Event: 20.104 GC heap before
{Heap before GC invocations=25 (full 0):
 garbage-first heap   total 172032K, used 138680K [0x0000000081c00000, 0x0000000100000000)
  region size 1024K, 97 young (99328K), 8 survivors (8192K)
 Metaspace       used 48113K, committed 48576K, reserved 1097728K
  class space    used 6563K, committed 6784K, reserved 1048576K
}
Event: 20.119 GC heap after
{Heap after GC invocations=26 (full 0):
 garbage-first heap   total 172032K, used 54331K [0x0000000081c00000, 0x0000000100000000)
  region size 1024K, 13 young (13312K), 13 survivors (13312K)
 Metaspace       used 48113K, committed 48576K, reserved 1097728K
  class space    used 6563K, committed 6784K, reserved 1048576K
}
Event: 21.061 GC heap before
{Heap before GC invocations=26 (full 0):
 garbage-first heap   total 172032K, used 139323K [0x0000000081c00000, 0x0000000100000000)
  region size 1024K, 96 young (98304K), 13 survivors (13312K)
 Metaspace       used 48116K, committed 48576K, reserved 1097728K
  class space    used 6564K, committed 6784K, reserved 1048576K
}
Event: 21.073 GC heap after
{Heap after GC invocations=27 (full 0):
 garbage-first heap   total 172032K, used 55477K [0x0000000081c00000, 0x0000000100000000)
  region size 1024K, 3 young (3072K), 3 survivors (3072K)
 Metaspace       used 48116K, committed 48576K, reserved 1097728K
  class space    used 6564K, committed 6784K, reserved 1048576K
}
Event: 22.359 GC heap before
{Heap before GC invocations=27 (full 0):
 garbage-first heap   total 172032K, used 141493K [0x0000000081c00000, 0x0000000100000000)
  region size 1024K, 87 young (89088K), 3 survivors (3072K)
 Metaspace       used 48167K, committed 48576K, reserved 1097728K
  class space    used 6582K, committed 6784K, reserved 1048576K
}
Event: 22.364 GC heap after
{Heap after GC invocations=28 (full 0):
 garbage-first heap   total 172032K, used 56572K [0x0000000081c00000, 0x0000000100000000)
  region size 1024K, 4 young (4096K), 4 survivors (4096K)
 Metaspace       used 48167K, committed 48576K, reserved 1097728K
  class space    used 6582K, committed 6784K, reserved 1048576K
}
Event: 23.011 GC heap before
{Heap before GC invocations=28 (full 0):
 garbage-first heap   total 172032K, used 142588K [0x0000000081c00000, 0x0000000100000000)
  region size 1024K, 88 young (90112K), 4 survivors (4096K)
 Metaspace       used 48171K, committed 48576K, reserved 1097728K
  class space    used 6584K, committed 6784K, reserved 1048576K
}
Event: 23.016 GC heap after
{Heap after GC invocations=29 (full 0):
 garbage-first heap   total 172032K, used 56487K [0x0000000081c00000, 0x0000000100000000)
  region size 1024K, 4 young (4096K), 4 survivors (4096K)
 Metaspace       used 48171K, committed 48576K, reserved 1097728K
  class space    used 6584K, committed 6784K, reserved 1048576K
}
Event: 24.143 GC heap before
{Heap before GC invocations=29 (full 0):
 garbage-first heap   total 172032K, used 144551K [0x0000000081c00000, 0x0000000100000000)
  region size 1024K, 90 young (92160K), 4 survivors (4096K)
 Metaspace       used 48184K, committed 48640K, reserved 1097728K
  class space    used 6589K, committed 6784K, reserved 1048576K
}

