# JRE version: OpenJDK Runtime Environment Temurin-17.0.4.1+1 (17.0.4.1+1) (build 17.0.4.1+1)
# Java VM: OpenJDK 64-Bit Server VM Temurin-17.0.4.1+1 (17.0.4.1+1, mixed mode, tiered, compressed oops, compressed class ptrs, g1 gc, windows-amd64)
GC Precious Log:
 CPUs: 4 total, 4 available
 Memory: 8073M
 Large Page Support: Disabled
 NUMA Support: Disabled
 Compressed Oops: Enabled (32-bit)
 Heap Region Size: 1M
 Heap Min Capacity: 8M
 Heap Initial Capacity: 128M
 Heap Max Capacity: 2020M
 Pre-touch: Disabled
 Parallel Workers: 4
 Concurrent Workers: 1
 Concurrent Refinement Workers: 4
 Periodic GC: Disabled
Heap:
 garbage-first heap   total 114688K, used 97423K [0x0000000081c00000, 0x0000000100000000)
  region size 1024K, 47 young (48128K), 4 survivors (4096K)
 Metaspace       used 53778K, committed 54144K, reserved 1097728K
  class space    used 6646K, committed 6848K, reserved 1048576K
GC Heap History (20 events):
Event: 22.466 GC heap after
{Heap after GC invocations=23 (full 0):
 garbage-first heap   total 95232K, used 49843K [0x0000000081c00000, 0x0000000100000000)
  region size 1024K, 3 young (3072K), 3 survivors (3072K)
 Metaspace       used 53751K, committed 54080K, reserved 1097728K
  class space    used 6620K, committed 6784K, reserved 1048576K
}
Event: 23.068 GC heap before
{Heap before GC invocations=24 (full 0):
 garbage-first heap   total 95232K, used 77491K [0x0000000081c00000, 0x0000000100000000)
  region size 1024K, 30 young (30720K), 3 survivors (3072K)
 Metaspace       used 53740K, committed 54080K, reserved 1097728K
  class space    used 6620K, committed 6784K, reserved 1048576K
}
Event: 23.075 GC heap after
{Heap after GC invocations=25 (full 0):
 garbage-first heap   total 95232K, used 50535K [0x0000000081c00000, 0x0000000100000000)
  region size 1024K, 1 young (1024K), 1 survivors (1024K)
 Metaspace       used 53740K, committed 54080K, reserved 1097728K
  class space    used 6620K, committed 6784K, reserved 1048576K
}
Event: 23.118 GC heap before
{Heap before GC invocations=25 (full 0):
 garbage-first heap   total 95232K, used 52583K [0x0000000081c00000, 0x0000000100000000)
  region size 1024K, 4 young (4096K), 1 survivors (1024K)
 Metaspace       used 53740K, committed 54080K, reserved 1097728K
  class space    used 6620K, committed 6784K, reserved 1048576K
}
Event: 23.121 GC heap after
{Heap after GC invocations=26 (full 0):
 garbage-first heap   total 114688K, used 49860K [0x0000000081c00000, 0x0000000100000000)
  region size 1024K, 1 young (1024K), 1 survivors (1024K)
 Metaspace       used 53740K, committed 54080K, reserved 1097728K
  class space    used 6620K, committed 6784K, reserved 1048576K
}
Event: 23.653 GC heap before
{Heap before GC invocations=26 (full 0):
 garbage-first heap   total 114688K, used 92868K [0x0000000081c00000, 0x0000000100000000)
  region size 1024K, 43 young (44032K), 1 survivors (1024K)
 Metaspace       used 53740K, committed 54080K, reserved 1097728K
  class space    used 6620K, committed 6784K, reserved 1048576K
}
Event: 23.656 GC heap after
{Heap after GC invocations=27 (full 0):
 garbage-first heap   total 114688K, used 50478K [0x0000000081c00000, 0x0000000100000000)
  region size 1024K, 1 young (1024K), 1 survivors (1024K)
 Metaspace       used 53740K, committed 54080K, reserved 1097728K
  class space    used 6620K, committed 6784K, reserved 1048576K
}
Event: 24.239 GC heap before
{Heap before GC invocations=27 (full 0):
 garbage-first heap   total 114688K, used 94510K [0x0000000081c00000, 0x0000000100000000)
  region size 1024K, 44 young (45056K), 1 survivors (1024K)
 Metaspace       used 53740K, committed 54080K, reserved 1097728K
  class space    used 6620K, committed 6784K, reserved 1048576K
}
Event: 24.243 GC heap after
{Heap after GC invocations=28 (full 0):
 garbage-first heap   total 114688K, used 50905K [0x0000000081c00000, 0x0000000100000000)
  region size 1024K, 2 young (2048K), 2 survivors (2048K)
 Metaspace       used 53740K, committed 54080K, reserved 1097728K
  class space    used 6620K, committed 6784K, reserved 1048576K
}
Event: 25.047 GC heap before
{Heap before GC invocations=28 (full 0):
 garbage-first heap   total 114688K, used 94937K [0x0000000081c00000, 0x0000000100000000)
  region size 1024K, 45 young (46080K), 2 survivors (2048K)
 Metaspace       used 53761K, committed 54080K, reserved 1097728K
  class space    used 6639K, committed 6784K, reserved 1048576K
}
Event: 25.051 GC heap after
{Heap after GC invocations=29 (full 0):
 garbage-first heap   total 114688K, used 51650K [0x0000000081c00000, 0x0000000100000000)
  region size 1024K, 2 young (2048K), 2 survivors (2048K)
 Metaspace       used 53761K, committed 54080K, reserved 1097728K
  class space    used 6639K, committed 6784K, reserved 1048576K
}
Event: 25.825 GC heap before
{Heap before GC invocations=29 (full 0):
 garbage-first heap   total 114688K, used 96706K [0x0000000081c00000, 0x0000000100000000)
  region size 1024K, 46 young (47104K), 2 survivors (2048K)
 Metaspace       used 53765K, committed 54080K, reserved 1097728K
  class space    used 6641K, committed 6784K, reserved 1048576K
}
Event: 25.829 GC heap after
{Heap after GC invocations=30 (full 0):
 garbage-first heap   total 114688K, used 52264K [0x0000000081c00000, 0x0000000100000000)
  region size 1024K, 3 young (3072K), 3 survivors (3072K)
 Metaspace       used 53765K, committed 54080K, reserved 1097728K
  class space    used 6641K, committed 6784K, reserved 1048576K
}
Event: 26.245 GC heap before
{Heap before GC invocations=30 (full 0):
 garbage-first heap   total 114688K, used 96296K [0x0000000081c00000, 0x0000000100000000)
  region size 1024K, 46 young (47104K), 3 survivors (3072K)
 Metaspace       used 53766K, committed 54080K, reserved 1097728K
  class space    used 6642K, committed 6784K, reserved 1048576K
}
Event: 26.249 GC heap after
{Heap after GC invocations=31 (full 0):
 garbage-first heap   total 114688K, used 52097K [0x0000000081c00000, 0x0000000100000000)
  region size 1024K, 3 young (3072K), 3 survivors (3072K)
 Metaspace       used 53766K, committed 54080K, reserved 1097728K
  class space    used 6642K, committed 6784K, reserved 1048576K
}
Event: 27.084 GC heap before
{Heap before GC invocations=31 (full 0):
 garbage-first heap   total 114688K, used 97153K [0x0000000081c00000, 0x0000000100000000)
  region size 1024K, 47 young (48128K), 3 survivors (3072K)
 Metaspace       used 53766K, committed 54080K, reserved 1097728K
  class space    used 6642K, committed 6784K, reserved 1048576K
}
Event: 27.088 GC heap after
{Heap after GC invocations=32 (full 0):
 garbage-first heap   total 114688K, used 52911K [0x0000000081c00000, 0x0000000100000000)
  region size 1024K, 4 young (4096K), 4 survivors (4096K)
 Metaspace       used 53766K, committed 54080K, reserved 1097728K
  class space    used 6642K, committed 6784K, reserved 1048576K
}
Event: 28.045 GC heap before
{Heap before GC invocations=32 (full 0):
 garbage-first heap   total 114688K, used 96943K [0x0000000081c00000, 0x0000000100000000)
  region size 1024K, 47 young (48128K), 4 survivors (4096K)
 Metaspace       used 53766K, committed 54080K, reserved 1097728K
  class space    used 6642K, committed 6784K, reserved 1048576K
}
Event: 28.050 GC heap after
{Heap after GC invocations=33 (full 0):
 garbage-first heap   total 114688K, used 53391K [0x0000000081c00000, 0x0000000100000000)
  region size 1024K, 4 young (4096K), 4 survivors (4096K)
 Metaspace       used 53766K, committed 54080K, reserved 1097728K
  class space    used 6642K, committed 6784K, reserved 1048576K
}
Event: 28.928 GC heap before
{Heap before GC invocations=33 (full 0):
 garbage-first heap   total 114688K, used 97423K [0x0000000081c00000, 0x0000000100000000)
  region size 1024K, 47 young (48128K), 4 survivors (4096K)
 Metaspace       used 53778K, committed 54144K, reserved 1097728K
  class space    used 6646K, committed 6848K, reserved 1048576K
}

