# JRE version: OpenJDK Runtime Environment Temurin-17.0.4.1+1 (17.0.4.1+1) (build 17.0.4.1+1)
# Java VM: OpenJDK 64-Bit Server VM Temurin-17.0.4.1+1 (17.0.4.1+1, mixed mode, tiered, compressed oops, compressed class ptrs, g1 gc, windows-amd64)
GC Precious Log:
 CPUs: 4 total, 4 available
 Memory: 8073M
 Large Page Support: Disabled
 NUMA Support: Disabled
 Compressed Oops: Enabled (32-bit)
 Heap Region Size: 1M
 Heap Min Capacity: 8M
 Heap Initial Capacity: 128M
 Heap Max Capacity: 2020M
 Pre-touch: Disabled
 Parallel Workers: 4
 Concurrent Workers: 1
 Concurrent Refinement Workers: 4
 Periodic GC: Disabled
Heap:
 garbage-first heap   total 313344K, used 252216K [0x0000000081c00000, 0x0000000100000000)
  region size 1024K, 10 young (10240K), 2 survivors (2048K)
 Metaspace       used 120482K, committed 121792K, reserved 1163264K
  class space    used 15028K, committed 15680K, reserved 1048576K
GC Heap History (20 events):
Event: 258.803 GC heap before
{Heap before GC invocations=126 (full 0):
 garbage-first heap   total 313344K, used 272671K [0x0000000081c00000, 0x0000000100000000)
  region size 1024K, 51 young (52224K), 4 survivors (4096K)
 Metaspace       used 118104K, committed 119104K, reserved 1155072K
  class space    used 14809K, committed 15296K, reserved 1048576K
}
Event: 258.814 GC heap after
{Heap after GC invocations=127 (full 0):
 garbage-first heap   total 313344K, used 227724K [0x0000000081c00000, 0x0000000100000000)
  region size 1024K, 6 young (6144K), 6 survivors (6144K)
 Metaspace       used 118104K, committed 119104K, reserved 1155072K
  class space    used 14809K, committed 15296K, reserved 1048576K
}
Event: 259.800 GC heap before
{Heap before GC invocations=127 (full 0):
 garbage-first heap   total 313344K, used 272780K [0x0000000081c00000, 0x0000000100000000)
  region size 1024K, 50 young (51200K), 6 survivors (6144K)
 Metaspace       used 118122K, committed 119104K, reserved 1155072K
  class space    used 14812K, committed 15296K, reserved 1048576K
}
Event: 259.812 GC heap after
{Heap after GC invocations=128 (full 0):
 garbage-first heap   total 313344K, used 231176K [0x0000000081c00000, 0x0000000100000000)
  region size 1024K, 7 young (7168K), 7 survivors (7168K)
 Metaspace       used 118122K, committed 119104K, reserved 1155072K
  class space    used 14812K, committed 15296K, reserved 1048576K
}
Event: 260.685 GC heap before
{Heap before GC invocations=128 (full 0):
 garbage-first heap   total 313344K, used 273160K [0x0000000081c00000, 0x0000000100000000)
  region size 1024K, 48 young (49152K), 7 survivors (7168K)
 Metaspace       used 118136K, committed 119104K, reserved 1155072K
  class space    used 14813K, committed 15296K, reserved 1048576K
}
Event: 260.701 GC heap after
{Heap after GC invocations=129 (full 0):
 garbage-first heap   total 313344K, used 233796K [0x0000000081c00000, 0x0000000100000000)
  region size 1024K, 6 young (6144K), 6 survivors (6144K)
 Metaspace       used 118136K, committed 119104K, reserved 1155072K
  class space    used 14813K, committed 15296K, reserved 1048576K
}
Event: 261.350 GC heap before
{Heap before GC invocations=129 (full 0):
 garbage-first heap   total 313344K, used 273732K [0x0000000081c00000, 0x0000000100000000)
  region size 1024K, 45 young (46080K), 6 survivors (6144K)
 Metaspace       used 118154K, committed 119104K, reserved 1155072K
  class space    used 14813K, committed 15296K, reserved 1048576K
}
Event: 261.364 GC heap after
{Heap after GC invocations=130 (full 0):
 garbage-first heap   total 313344K, used 237038K [0x0000000081c00000, 0x0000000100000000)
  region size 1024K, 6 young (6144K), 6 survivors (6144K)
 Metaspace       used 118154K, committed 119104K, reserved 1155072K
  class space    used 14813K, committed 15296K, reserved 1048576K
}
Event: 262.211 GC heap before
{Heap before GC invocations=130 (full 0):
 garbage-first heap   total 313344K, used 273902K [0x0000000081c00000, 0x0000000100000000)
  region size 1024K, 42 young (43008K), 6 survivors (6144K)
 Metaspace       used 118175K, committed 119104K, reserved 1155072K
  class space    used 14814K, committed 15296K, reserved 1048576K
}
Event: 262.224 GC heap after
{Heap after GC invocations=131 (full 0):
 garbage-first heap   total 313344K, used 239681K [0x0000000081c00000, 0x0000000100000000)
  region size 1024K, 3 young (3072K), 3 survivors (3072K)
 Metaspace       used 118175K, committed 119104K, reserved 1155072K
  class space    used 14814K, committed 15296K, reserved 1048576K
}
Event: 270.949 GC heap before
{Heap before GC invocations=131 (full 0):
 garbage-first heap   total 313344K, used 272449K [0x0000000081c00000, 0x0000000100000000)
  region size 1024K, 36 young (36864K), 3 survivors (3072K)
 Metaspace       used 118403K, committed 119360K, reserved 1155072K
  class space    used 14823K, committed 15296K, reserved 1048576K
}
Event: 270.961 GC heap after
{Heap after GC invocations=132 (full 0):
 garbage-first heap   total 313344K, used 243906K [0x0000000081c00000, 0x0000000100000000)
  region size 1024K, 5 young (5120K), 5 survivors (5120K)
 Metaspace       used 118403K, committed 119360K, reserved 1155072K
  class space    used 14823K, committed 15296K, reserved 1048576K
}
Event: 310.059 GC heap before
{Heap before GC invocations=132 (full 0):
 garbage-first heap   total 313344K, used 271554K [0x0000000081c00000, 0x0000000100000000)
  region size 1024K, 32 young (32768K), 5 survivors (5120K)
 Metaspace       used 119078K, committed 120128K, reserved 1155072K
  class space    used 14891K, committed 15424K, reserved 1048576K
}
Event: 310.074 GC heap after
{Heap after GC invocations=133 (full 0):
 garbage-first heap   total 313344K, used 244683K [0x0000000081c00000, 0x0000000100000000)
  region size 1024K, 1 young (1024K), 1 survivors (1024K)
 Metaspace       used 119078K, committed 120128K, reserved 1155072K
  class space    used 14891K, committed 15424K, reserved 1048576K
}
Event: 371.096 GC heap before
{Heap before GC invocations=133 (full 0):
 garbage-first heap   total 313344K, used 274379K [0x0000000081c00000, 0x0000000100000000)
  region size 1024K, 30 young (30720K), 1 survivors (1024K)
 Metaspace       used 119476K, committed 120576K, reserved 1155072K
  class space    used 14895K, committed 15424K, reserved 1048576K
}
Event: 371.109 GC heap after
{Heap after GC invocations=134 (full 0):
 garbage-first heap   total 313344K, used 244772K [0x0000000081c00000, 0x0000000100000000)
  region size 1024K, 2 young (2048K), 2 survivors (2048K)
 Metaspace       used 119476K, committed 120576K, reserved 1155072K
  class space    used 14895K, committed 15424K, reserved 1048576K
}
Event: 429.379 GC heap before
{Heap before GC invocations=134 (full 0):
 garbage-first heap   total 313344K, used 274468K [0x0000000081c00000, 0x0000000100000000)
  region size 1024K, 31 young (31744K), 2 survivors (2048K)
 Metaspace       used 120363K, committed 121664K, reserved 1163264K
  class space    used 15025K, committed 15680K, reserved 1048576K
}
Event: 429.387 GC heap after
{Heap after GC invocations=135 (full 0):
 garbage-first heap   total 313344K, used 245139K [0x0000000081c00000, 0x0000000100000000)
  region size 1024K, 2 young (2048K), 2 survivors (2048K)
 Metaspace       used 120363K, committed 121664K, reserved 1163264K
  class space    used 15025K, committed 15680K, reserved 1048576K
}
Event: 455.973 GC heap before
{Heap before GC invocations=135 (full 0):
 garbage-first heap   total 313344K, used 253331K [0x0000000081c00000, 0x0000000100000000)
  region size 1024K, 11 young (11264K), 2 survivors (2048K)
 Metaspace       used 120463K, committed 121728K, reserved 1163264K
  class space    used 15025K, committed 15680K, reserved 1048576K
}
Event: 455.981 GC heap after
{Heap after GC invocations=136 (full 0):
 garbage-first heap   total 313344K, used 245048K [0x0000000081c00000, 0x0000000100000000)
  region size 1024K, 2 young (2048K), 2 survivors (2048K)
 Metaspace       used 120463K, committed 121728K, reserved 1163264K
  class space    used 15025K, committed 15680K, reserved 1048576K
}

