# JRE version: OpenJDK Runtime Environment Temurin-17.0.4.1+1 (17.0.4.1+1) (build 17.0.4.1+1)
# Java VM: OpenJDK 64-Bit Server VM Temurin-17.0.4.1+1 (17.0.4.1+1, mixed mode, tiered, compressed oops, compressed class ptrs, g1 gc, windows-amd64)
GC Precious Log:
 CPUs: 4 total, 4 available
 Memory: 8073M
 Large Page Support: Disabled
 NUMA Support: Disabled
 Compressed Oops: Enabled (32-bit)
 Heap Region Size: 1M
 Heap Min Capacity: 8M
 Heap Initial Capacity: 128M
 Heap Max Capacity: 2020M
 Pre-touch: Disabled
 Parallel Workers: 4
 Concurrent Workers: 1
 Concurrent Refinement Workers: 4
 Periodic GC: Disabled
Heap:
 garbage-first heap   total 151552K, used 90901K [0x0000000081c00000, 0x0000000100000000)
  region size 1024K, 29 young (29696K), 4 survivors (4096K)
 Metaspace       used 81579K, committed 82112K, reserved 1122304K
  class space    used 10295K, committed 10560K, reserved 1048576K
GC Heap History (20 events):
Event: 27.442 GC heap before
{Heap before GC invocations=37 (full 0):
 garbage-first heap   total 75776K, used 42432K [0x0000000081c00000, 0x0000000100000000)
  region size 1024K, 3 young (3072K), 2 survivors (2048K)
 Metaspace       used 61232K, committed 61632K, reserved 1105920K
  class space    used 7675K, committed 7872K, reserved 1048576K
}
Event: 27.446 GC heap after
{Heap after GC invocations=38 (full 0):
 garbage-first heap   total 75776K, used 41584K [0x0000000081c00000, 0x0000000100000000)
  region size 1024K, 1 young (1024K), 1 survivors (1024K)
 Metaspace       used 61232K, committed 61632K, reserved 1105920K
  class space    used 7675K, committed 7872K, reserved 1048576K
}
Event: 28.956 GC heap before
{Heap before GC invocations=38 (full 0):
 garbage-first heap   total 75776K, used 62064K [0x0000000081c00000, 0x0000000100000000)
  region size 1024K, 21 young (21504K), 1 survivors (1024K)
 Metaspace       used 63079K, committed 63488K, reserved 1105920K
  class space    used 7922K, committed 8128K, reserved 1048576K
}
Event: 28.959 GC heap after
{Heap after GC invocations=39 (full 0):
 garbage-first heap   total 75776K, used 42073K [0x0000000081c00000, 0x0000000100000000)
  region size 1024K, 1 young (1024K), 1 survivors (1024K)
 Metaspace       used 63079K, committed 63488K, reserved 1105920K
  class space    used 7922K, committed 8128K, reserved 1048576K
}
Event: 29.710 GC heap before
{Heap before GC invocations=40 (full 0):
 garbage-first heap   total 75776K, used 62553K [0x0000000081c00000, 0x0000000100000000)
  region size 1024K, 21 young (21504K), 1 survivors (1024K)
 Metaspace       used 65102K, committed 65536K, reserved 1114112K
  class space    used 8239K, committed 8448K, reserved 1048576K
}
Event: 29.715 GC heap after
{Heap after GC invocations=41 (full 0):
 garbage-first heap   total 75776K, used 43138K [0x0000000081c00000, 0x0000000100000000)
  region size 1024K, 2 young (2048K), 2 survivors (2048K)
 Metaspace       used 65102K, committed 65536K, reserved 1114112K
  class space    used 8239K, committed 8448K, reserved 1048576K
}
Event: 30.226 GC heap before
{Heap before GC invocations=41 (full 0):
 garbage-first heap   total 75776K, used 62594K [0x0000000081c00000, 0x0000000100000000)
  region size 1024K, 21 young (21504K), 2 survivors (2048K)
 Metaspace       used 66853K, committed 67264K, reserved 1114112K
  class space    used 8452K, committed 8640K, reserved 1048576K
}
Event: 30.232 GC heap after
{Heap after GC invocations=42 (full 0):
 garbage-first heap   total 75776K, used 45198K [0x0000000081c00000, 0x0000000100000000)
  region size 1024K, 3 young (3072K), 3 survivors (3072K)
 Metaspace       used 66853K, committed 67264K, reserved 1114112K
  class space    used 8452K, committed 8640K, reserved 1048576K
}
Event: 30.908 GC heap before
{Heap before GC invocations=42 (full 0):
 garbage-first heap   total 75776K, used 61582K [0x0000000081c00000, 0x0000000100000000)
  region size 1024K, 20 young (20480K), 3 survivors (3072K)
 Metaspace       used 67935K, committed 68352K, reserved 1114112K
  class space    used 8573K, committed 8768K, reserved 1048576K
}
Event: 30.917 GC heap after
{Heap after GC invocations=43 (full 0):
 garbage-first heap   total 151552K, used 47527K [0x0000000081c00000, 0x0000000100000000)
  region size 1024K, 3 young (3072K), 3 survivors (3072K)
 Metaspace       used 67935K, committed 68352K, reserved 1114112K
  class space    used 8573K, committed 8768K, reserved 1048576K
}
Event: 32.957 GC heap before
{Heap before GC invocations=43 (full 0):
 garbage-first heap   total 151552K, used 117159K [0x0000000081c00000, 0x0000000100000000)
  region size 1024K, 72 young (73728K), 3 survivors (3072K)
 Metaspace       used 72037K, committed 72512K, reserved 1114112K
  class space    used 9113K, committed 9344K, reserved 1048576K
}
Event: 32.972 GC heap after
{Heap after GC invocations=44 (full 0):
 garbage-first heap   total 151552K, used 53725K [0x0000000081c00000, 0x0000000100000000)
  region size 1024K, 9 young (9216K), 9 survivors (9216K)
 Metaspace       used 72037K, committed 72512K, reserved 1114112K
  class space    used 9113K, committed 9344K, reserved 1048576K
}
Event: 34.565 GC heap before
{Heap before GC invocations=44 (full 0):
 garbage-first heap   total 151552K, used 116189K [0x0000000081c00000, 0x0000000100000000)
  region size 1024K, 70 young (71680K), 9 survivors (9216K)
 Metaspace       used 74045K, committed 74496K, reserved 1122304K
  class space    used 9337K, committed 9536K, reserved 1048576K
}
Event: 34.581 GC heap after
{Heap after GC invocations=45 (full 0):
 garbage-first heap   total 151552K, used 57220K [0x0000000081c00000, 0x0000000100000000)
  region size 1024K, 4 young (4096K), 4 survivors (4096K)
 Metaspace       used 74045K, committed 74496K, reserved 1122304K
  class space    used 9337K, committed 9536K, reserved 1048576K
}
Event: 35.941 GC heap before
{Heap before GC invocations=45 (full 0):
 garbage-first heap   total 151552K, used 119684K [0x0000000081c00000, 0x0000000100000000)
  region size 1024K, 65 young (66560K), 4 survivors (4096K)
 Metaspace       used 75843K, committed 76288K, reserved 1122304K
  class space    used 9510K, committed 9728K, reserved 1048576K
}
Event: 35.960 GC heap after
{Heap after GC invocations=46 (full 0):
 garbage-first heap   total 151552K, used 63054K [0x0000000081c00000, 0x0000000100000000)
  region size 1024K, 9 young (9216K), 9 survivors (9216K)
 Metaspace       used 75843K, committed 76288K, reserved 1122304K
  class space    used 9510K, committed 9728K, reserved 1048576K
}
Event: 37.135 GC heap before
{Heap before GC invocations=46 (full 0):
 garbage-first heap   total 151552K, used 121422K [0x0000000081c00000, 0x0000000100000000)
  region size 1024K, 66 young (67584K), 9 survivors (9216K)
 Metaspace       used 79214K, committed 79744K, reserved 1122304K
  class space    used 10082K, committed 10304K, reserved 1048576K
}
Event: 37.148 GC heap after
{Heap after GC invocations=47 (full 0):
 garbage-first heap   total 151552K, used 64953K [0x0000000081c00000, 0x0000000100000000)
  region size 1024K, 2 young (2048K), 2 survivors (2048K)
 Metaspace       used 79214K, committed 79744K, reserved 1122304K
  class space    used 10082K, committed 10304K, reserved 1048576K
}
Event: 38.718 GC heap before
{Heap before GC invocations=47 (full 0):
 garbage-first heap   total 151552K, used 123321K [0x0000000081c00000, 0x0000000100000000)
  region size 1024K, 59 young (60416K), 2 survivors (2048K)
 Metaspace       used 80976K, committed 81536K, reserved 1122304K
  class space    used 10258K, committed 10496K, reserved 1048576K
}
Event: 38.724 GC heap after
{Heap after GC invocations=48 (full 0):
 garbage-first heap   total 151552K, used 66325K [0x0000000081c00000, 0x0000000100000000)
  region size 1024K, 4 young (4096K), 4 survivors (4096K)
 Metaspace       used 80976K, committed 81536K, reserved 1122304K
  class space    used 10258K, committed 10496K, reserved 1048576K
}

