# JRE version: OpenJDK Runtime Environment Temurin-17.0.4.1+1 (17.0.4.1+1) (build 17.0.4.1+1)
# Java VM: OpenJDK 64-Bit Server VM Temurin-17.0.4.1+1 (17.0.4.1+1, mixed mode, tiered, compressed oops, compressed class ptrs, g1 gc, windows-amd64)
GC Precious Log:
 CPUs: 4 total, 4 available
 Memory: 8073M
 Large Page Support: Disabled
 NUMA Support: Disabled
 Compressed Oops: Enabled (32-bit)
 Heap Region Size: 1M
 Heap Min Capacity: 8M
 Heap Initial Capacity: 128M
 Heap Max Capacity: 2020M
 Pre-touch: Disabled
 Parallel Workers: 4
 Concurrent Workers: 1
 Concurrent Refinement Workers: 4
 Periodic GC: Disabled
Heap:
 garbage-first heap   total 272384K, used 134430K [0x0000000081c00000, 0x0000000100000000)
  region size 1024K, 64 young (65536K), 7 survivors (7168K)
 Metaspace       used 86263K, committed 86912K, reserved 1130496K
  class space    used 10860K, committed 11200K, reserved 1048576K
GC Heap History (20 events):
Event: 23.789 GC heap before
{Heap before GC invocations=38 (full 0):
 garbage-first heap   total 147456K, used 47815K [0x0000000081c00000, 0x0000000100000000)
  region size 1024K, 8 young (8192K), 7 survivors (7168K)
 Metaspace       used 66171K, committed 66560K, reserved 1114112K
  class space    used 8377K, committed 8576K, reserved 1048576K
}
Event: 23.798 GC heap after
{Heap after GC invocations=39 (full 0):
 garbage-first heap   total 147456K, used 47201K [0x0000000081c00000, 0x0000000100000000)
  region size 1024K, 1 young (1024K), 1 survivors (1024K)
 Metaspace       used 66171K, committed 66560K, reserved 1114112K
  class space    used 8377K, committed 8576K, reserved 1048576K
}
Event: 25.119 GC heap before
{Heap before GC invocations=39 (full 0):
 garbage-first heap   total 147456K, used 104545K [0x0000000081c00000, 0x0000000100000000)
  region size 1024K, 57 young (58368K), 1 survivors (1024K)
 Metaspace       used 69684K, committed 70080K, reserved 1114112K
  class space    used 8809K, committed 8960K, reserved 1048576K
}
Event: 25.131 GC heap after
{Heap after GC invocations=40 (full 0):
 garbage-first heap   total 147456K, used 52671K [0x0000000081c00000, 0x0000000100000000)
  region size 1024K, 7 young (7168K), 7 survivors (7168K)
 Metaspace       used 69684K, committed 70080K, reserved 1114112K
  class space    used 8809K, committed 8960K, reserved 1048576K
}
Event: 26.776 GC heap before
{Heap before GC invocations=40 (full 0):
 garbage-first heap   total 147456K, used 105919K [0x0000000081c00000, 0x0000000100000000)
  region size 1024K, 60 young (61440K), 7 survivors (7168K)
 Metaspace       used 72641K, committed 73152K, reserved 1114112K
  class space    used 9161K, committed 9408K, reserved 1048576K
}
Event: 26.793 GC heap after
{Heap after GC invocations=41 (full 0):
 garbage-first heap   total 147456K, used 56350K [0x0000000081c00000, 0x0000000100000000)
  region size 1024K, 4 young (4096K), 4 survivors (4096K)
 Metaspace       used 72641K, committed 73152K, reserved 1114112K
  class space    used 9161K, committed 9408K, reserved 1048576K
}
Event: 28.069 GC heap before
{Heap before GC invocations=41 (full 0):
 garbage-first heap   total 147456K, used 110622K [0x0000000081c00000, 0x0000000100000000)
  region size 1024K, 57 young (58368K), 4 survivors (4096K)
 Metaspace       used 74458K, committed 74944K, reserved 1114112K
  class space    used 9373K, committed 9600K, reserved 1048576K
}
Event: 28.080 GC heap after
{Heap after GC invocations=42 (full 0):
 garbage-first heap   total 147456K, used 60069K [0x0000000081c00000, 0x0000000100000000)
  region size 1024K, 8 young (8192K), 8 survivors (8192K)
 Metaspace       used 74458K, committed 74944K, reserved 1114112K
  class space    used 9373K, committed 9600K, reserved 1048576K
}
Event: 29.582 GC heap before
{Heap before GC invocations=42 (full 0):
 garbage-first heap   total 147456K, used 113317K [0x0000000081c00000, 0x0000000100000000)
  region size 1024K, 60 young (61440K), 8 survivors (8192K)
 Metaspace       used 75993K, committed 76480K, reserved 1122304K
  class space    used 9535K, committed 9792K, reserved 1048576K
}
Event: 29.602 GC heap after
{Heap after GC invocations=43 (full 0):
 garbage-first heap   total 147456K, used 64441K [0x0000000081c00000, 0x0000000100000000)
  region size 1024K, 8 young (8192K), 8 survivors (8192K)
 Metaspace       used 75993K, committed 76480K, reserved 1122304K
  class space    used 9535K, committed 9792K, reserved 1048576K
}
Event: 31.030 GC heap before
{Heap before GC invocations=43 (full 0):
 garbage-first heap   total 147456K, used 114617K [0x0000000081c00000, 0x0000000100000000)
  region size 1024K, 57 young (58368K), 8 survivors (8192K)
 Metaspace       used 79042K, committed 79488K, reserved 1122304K
  class space    used 10082K, committed 10304K, reserved 1048576K
}
Event: 31.046 GC heap after
{Heap after GC invocations=44 (full 0):
 garbage-first heap   total 147456K, used 65599K [0x0000000081c00000, 0x0000000100000000)
  region size 1024K, 1 young (1024K), 1 survivors (1024K)
 Metaspace       used 79042K, committed 79488K, reserved 1122304K
  class space    used 10082K, committed 10304K, reserved 1048576K
}
Event: 32.280 GC heap before
{Heap before GC invocations=44 (full 0):
 garbage-first heap   total 147456K, used 117823K [0x0000000081c00000, 0x0000000100000000)
  region size 1024K, 52 young (53248K), 1 survivors (1024K)
 Metaspace       used 80664K, committed 81216K, reserved 1122304K
  class space    used 10248K, committed 10496K, reserved 1048576K
}
Event: 32.288 GC heap after
{Heap after GC invocations=45 (full 0):
 garbage-first heap   total 147456K, used 66870K [0x0000000081c00000, 0x0000000100000000)
  region size 1024K, 3 young (3072K), 3 survivors (3072K)
 Metaspace       used 80664K, committed 81216K, reserved 1122304K
  class space    used 10248K, committed 10496K, reserved 1048576K
}
Event: 33.536 GC heap before
{Heap before GC invocations=45 (full 0):
 garbage-first heap   total 147456K, used 119094K [0x0000000081c00000, 0x0000000100000000)
  region size 1024K, 54 young (55296K), 3 survivors (3072K)
 Metaspace       used 81848K, committed 82368K, reserved 1122304K
  class space    used 10320K, committed 10560K, reserved 1048576K
}
Event: 33.545 GC heap after
{Heap after GC invocations=46 (full 0):
 garbage-first heap   total 147456K, used 69915K [0x0000000081c00000, 0x0000000100000000)
  region size 1024K, 6 young (6144K), 6 survivors (6144K)
 Metaspace       used 81848K, committed 82368K, reserved 1122304K
  class space    used 10320K, committed 10560K, reserved 1048576K
}
Event: 34.535 GC heap before
{Heap before GC invocations=46 (full 0):
 garbage-first heap   total 147456K, used 120091K [0x0000000081c00000, 0x0000000100000000)
  region size 1024K, 55 young (56320K), 6 survivors (6144K)
 Metaspace       used 82803K, committed 83328K, reserved 1122304K
  class space    used 10377K, committed 10624K, reserved 1048576K
}
Event: 34.552 GC heap after
{Heap after GC invocations=47 (full 0):
 garbage-first heap   total 147456K, used 73559K [0x0000000081c00000, 0x0000000100000000)
  region size 1024K, 7 young (7168K), 7 survivors (7168K)
 Metaspace       used 82803K, committed 83328K, reserved 1122304K
  class space    used 10377K, committed 10624K, reserved 1048576K
}
Event: 35.976 GC heap before
{Heap before GC invocations=47 (full 0):
 garbage-first heap   total 147456K, used 120663K [0x0000000081c00000, 0x0000000100000000)
  region size 1024K, 53 young (54272K), 7 survivors (7168K)
 Metaspace       used 84217K, committed 84800K, reserved 1130496K
  class space    used 10556K, committed 10880K, reserved 1048576K
}
Event: 35.996 GC heap after
{Heap after GC invocations=48 (full 0):
 garbage-first heap   total 272384K, used 77086K [0x0000000081c00000, 0x0000000100000000)
  region size 1024K, 7 young (7168K), 7 survivors (7168K)
 Metaspace       used 84217K, committed 84800K, reserved 1130496K
  class space    used 10556K, committed 10880K, reserved 1048576K
}

