# JRE version: OpenJDK Runtime Environment Temurin-17.0.4.1+1 (17.0.4.1+1) (build 17.0.4.1+1)
# Java VM: OpenJDK 64-Bit Server VM Temurin-17.0.4.1+1 (17.0.4.1+1, mixed mode, emulated-client, tiered, compressed oops, compressed class ptrs, g1 gc, windows-amd64)
GC Precious Log:
 CPUs: 4 total, 4 available
 Memory: 8073M
 Large Page Support: Disabled
 NUMA Support: Disabled
 Compressed Oops: Enabled (32-bit)
 Heap Region Size: 1M
 Heap Min Capacity: 8M
 Heap Initial Capacity: 128M
 Heap Max Capacity: 2020M
 Pre-touch: Disabled
 Parallel Workers: 4
 Concurrent Workers: 1
 Concurrent Refinement Workers: 4
 Periodic GC: Disabled
Heap:
 garbage-first heap   total 327680K, used 128267K [0x0000000081c00000, 0x0000000100000000)
  region size 1024K, 13 young (13312K), 10 survivors (10240K)
 Metaspace       used 123026K, committed 123840K, reserved 1163264K
  class space    used 16691K, committed 17088K, reserved 1048576K
GC Heap History (20 events):
Event: 904.079 GC heap before
{Heap before GC invocations=72 (full 0):
 garbage-first heap   total 327680K, used 282315K [0x0000000081c00000, 0x0000000100000000)
  region size 1024K, 163 young (166912K), 10 survivors (10240K)
 Metaspace       used 121686K, committed 122560K, reserved 1163264K
  class space    used 16534K, committed 16960K, reserved 1048576K
}
Event: 904.093 GC heap after
{Heap after GC invocations=73 (full 0):
 garbage-first heap   total 327680K, used 126064K [0x0000000081c00000, 0x0000000100000000)
  region size 1024K, 10 young (10240K), 10 survivors (10240K)
 Metaspace       used 121686K, committed 122560K, reserved 1163264K
  class space    used 16534K, committed 16960K, reserved 1048576K
}
Event: 1062.275 GC heap before
{Heap before GC invocations=73 (full 0):
 garbage-first heap   total 327680K, used 283760K [0x0000000081c00000, 0x0000000100000000)
  region size 1024K, 164 young (167936K), 10 survivors (10240K)
 Metaspace       used 121714K, committed 122560K, reserved 1163264K
  class space    used 16538K, committed 16960K, reserved 1048576K
}
Event: 1062.315 GC heap after
{Heap after GC invocations=74 (full 0):
 garbage-first heap   total 327680K, used 125625K [0x0000000081c00000, 0x0000000100000000)
  region size 1024K, 10 young (10240K), 10 survivors (10240K)
 Metaspace       used 121714K, committed 122560K, reserved 1163264K
  class space    used 16538K, committed 16960K, reserved 1048576K
}
Event: 1217.335 GC heap before
{Heap before GC invocations=74 (full 0):
 garbage-first heap   total 327680K, used 283321K [0x0000000081c00000, 0x0000000100000000)
  region size 1024K, 164 young (167936K), 10 survivors (10240K)
 Metaspace       used 121716K, committed 122560K, reserved 1163264K
  class space    used 16538K, committed 16960K, reserved 1048576K
}
Event: 1217.380 GC heap after
{Heap after GC invocations=75 (full 0):
 garbage-first heap   total 327680K, used 125195K [0x0000000081c00000, 0x0000000100000000)
  region size 1024K, 9 young (9216K), 9 survivors (9216K)
 Metaspace       used 121716K, committed 122560K, reserved 1163264K
  class space    used 16538K, committed 16960K, reserved 1048576K
}
Event: 1378.001 GC heap before
{Heap before GC invocations=75 (full 0):
 garbage-first heap   total 327680K, used 284939K [0x0000000081c00000, 0x0000000100000000)
  region size 1024K, 165 young (168960K), 9 survivors (9216K)
 Metaspace       used 121716K, committed 122560K, reserved 1163264K
  class space    used 16538K, committed 16960K, reserved 1048576K
}
Event: 1378.015 GC heap after
{Heap after GC invocations=76 (full 0):
 garbage-first heap   total 327680K, used 125002K [0x0000000081c00000, 0x0000000100000000)
  region size 1024K, 9 young (9216K), 9 survivors (9216K)
 Metaspace       used 121716K, committed 122560K, reserved 1163264K
  class space    used 16538K, committed 16960K, reserved 1048576K
}
Event: 1540.698 GC heap before
{Heap before GC invocations=76 (full 0):
 garbage-first heap   total 327680K, used 284746K [0x0000000081c00000, 0x0000000100000000)
  region size 1024K, 165 young (168960K), 9 survivors (9216K)
 Metaspace       used 121716K, committed 122560K, reserved 1163264K
  class space    used 16538K, committed 16960K, reserved 1048576K
}
Event: 1540.728 GC heap after
{Heap after GC invocations=77 (full 0):
 garbage-first heap   total 327680K, used 125195K [0x0000000081c00000, 0x0000000100000000)
  region size 1024K, 9 young (9216K), 9 survivors (9216K)
 Metaspace       used 121716K, committed 122560K, reserved 1163264K
  class space    used 16538K, committed 16960K, reserved 1048576K
}
Event: 1695.543 GC heap before
{Heap before GC invocations=77 (full 0):
 garbage-first heap   total 327680K, used 283915K [0x0000000081c00000, 0x0000000100000000)
  region size 1024K, 165 young (168960K), 9 survivors (9216K)
 Metaspace       used 121716K, committed 122560K, reserved 1163264K
  class space    used 16538K, committed 16960K, reserved 1048576K
}
Event: 1695.558 GC heap after
{Heap after GC invocations=78 (full 0):
 garbage-first heap   total 327680K, used 125195K [0x0000000081c00000, 0x0000000100000000)
  region size 1024K, 9 young (9216K), 9 survivors (9216K)
 Metaspace       used 121716K, committed 122560K, reserved 1163264K
  class space    used 16538K, committed 16960K, reserved 1048576K
}
Event: 1850.002 GC heap before
{Heap before GC invocations=78 (full 0):
 garbage-first heap   total 327680K, used 284939K [0x0000000081c00000, 0x0000000100000000)
  region size 1024K, 165 young (168960K), 9 survivors (9216K)
 Metaspace       used 121716K, committed 122560K, reserved 1163264K
  class space    used 16538K, committed 16960K, reserved 1048576K
}
Event: 1850.031 GC heap after
{Heap after GC invocations=79 (full 0):
 garbage-first heap   total 327680K, used 126003K [0x0000000081c00000, 0x0000000100000000)
  region size 1024K, 10 young (10240K), 10 survivors (10240K)
 Metaspace       used 121716K, committed 122560K, reserved 1163264K
  class space    used 16538K, committed 16960K, reserved 1048576K
}
Event: 2006.436 GC heap before
{Heap before GC invocations=79 (full 0):
 garbage-first heap   total 327680K, used 282675K [0x0000000081c00000, 0x0000000100000000)
  region size 1024K, 164 young (167936K), 10 survivors (10240K)
 Metaspace       used 121716K, committed 122560K, reserved 1163264K
  class space    used 16538K, committed 16960K, reserved 1048576K
}
Event: 2006.451 GC heap after
{Heap after GC invocations=80 (full 0):
 garbage-first heap   total 327680K, used 126019K [0x0000000081c00000, 0x0000000100000000)
  region size 1024K, 10 young (10240K), 10 survivors (10240K)
 Metaspace       used 121716K, committed 122560K, reserved 1163264K
  class space    used 16538K, committed 16960K, reserved 1048576K
}
Event: 2150.632 GC heap before
{Heap before GC invocations=80 (full 0):
 garbage-first heap   total 327680K, used 283715K [0x0000000081c00000, 0x0000000100000000)
  region size 1024K, 164 young (167936K), 10 survivors (10240K)
 Metaspace       used 123023K, committed 123840K, reserved 1163264K
  class space    used 16690K, committed 17088K, reserved 1048576K
}
Event: 2150.652 GC heap after
{Heap after GC invocations=81 (full 0):
 garbage-first heap   total 327680K, used 126055K [0x0000000081c00000, 0x0000000100000000)
  region size 1024K, 10 young (10240K), 10 survivors (10240K)
 Metaspace       used 123023K, committed 123840K, reserved 1163264K
  class space    used 16690K, committed 17088K, reserved 1048576K
}
Event: 2304.946 GC heap before
{Heap before GC invocations=81 (full 0):
 garbage-first heap   total 327680K, used 283751K [0x0000000081c00000, 0x0000000100000000)
  region size 1024K, 164 young (167936K), 10 survivors (10240K)
 Metaspace       used 123023K, committed 123840K, reserved 1163264K
  class space    used 16690K, committed 17088K, reserved 1048576K
}
Event: 2304.982 GC heap after
{Heap after GC invocations=82 (full 0):
 garbage-first heap   total 327680K, used 126219K [0x0000000081c00000, 0x0000000100000000)
  region size 1024K, 10 young (10240K), 10 survivors (10240K)
 Metaspace       used 123023K, committed 123840K, reserved 1163264K
  class space    used 16690K, committed 17088K, reserved 1048576K
}

