# JRE version: OpenJDK Runtime Environment Temurin-17.0.4.1+1 (17.0.4.1+1) (build 17.0.4.1+1)
# Java VM: OpenJDK 64-Bit Server VM Temurin-17.0.4.1+1 (17.0.4.1+1, mixed mode, tiered, compressed oops, compressed class ptrs, g1 gc, windows-amd64)
GC Precious Log:
 CPUs: 4 total, 4 available
 Memory: 8073M
 Large Page Support: Disabled
 NUMA Support: Disabled
 Compressed Oops: Enabled (32-bit)
 Heap Region Size: 1M
 Heap Min Capacity: 8M
 Heap Initial Capacity: 128M
 Heap Max Capacity: 2020M
 Pre-touch: Disabled
 Parallel Workers: 4
 Concurrent Workers: 1
 Concurrent Refinement Workers: 4
 Periodic GC: Disabled
Heap:
 garbage-first heap   total 61440K, used 32175K [0x0000000081c00000, 0x0000000100000000)
  region size 1024K, 18 young (18432K), 3 survivors (3072K)
 Metaspace       used 30544K, committed 30784K, reserved 1081344K
  class space    used 3544K, committed 3648K, reserved 1048576K
GC Heap History (12 events):
Event: 1.134 GC heap before
{Heap before GC invocations=0 (full 0):
 garbage-first heap   total 131072K, used 13312K [0x0000000081c00000, 0x0000000100000000)
  region size 1024K, 13 young (13312K), 0 survivors (0K)
 Metaspace       used 6371K, committed 6464K, reserved 1056768K
  class space    used 510K, committed 512K, reserved 1048576K
}
Event: 1.151 GC heap after
{Heap after GC invocations=1 (full 0):
 garbage-first heap   total 131072K, used 10190K [0x0000000081c00000, 0x0000000100000000)
  region size 1024K, 2 young (2048K), 2 survivors (2048K)
 Metaspace       used 6371K, committed 6464K, reserved 1056768K
  class space    used 510K, committed 512K, reserved 1048576K
}
Event: 1.803 GC heap before
{Heap before GC invocations=1 (full 0):
 garbage-first heap   total 131072K, used 16334K [0x0000000081c00000, 0x0000000100000000)
  region size 1024K, 9 young (9216K), 2 survivors (2048K)
 Metaspace       used 9808K, committed 9920K, reserved 1064960K
  class space    used 836K, committed 896K, reserved 1048576K
}
Event: 1.806 GC heap after
{Heap after GC invocations=2 (full 0):
 garbage-first heap   total 131072K, used 13256K [0x0000000081c00000, 0x0000000100000000)
  region size 1024K, 2 young (2048K), 2 survivors (2048K)
 Metaspace       used 9808K, committed 9920K, reserved 1064960K
  class space    used 836K, committed 896K, reserved 1048576K
}
Event: 2.244 GC heap before
{Heap before GC invocations=2 (full 0):
 garbage-first heap   total 131072K, used 27592K [0x0000000081c00000, 0x0000000100000000)
  region size 1024K, 16 young (16384K), 2 survivors (2048K)
 Metaspace       used 12644K, committed 12736K, reserved 1064960K
  class space    used 1167K, committed 1216K, reserved 1048576K
}
Event: 2.247 GC heap after
{Heap after GC invocations=3 (full 0):
 garbage-first heap   total 131072K, used 13518K [0x0000000081c00000, 0x0000000100000000)
  region size 1024K, 1 young (1024K), 1 survivors (1024K)
 Metaspace       used 12644K, committed 12736K, reserved 1064960K
  class space    used 1167K, committed 1216K, reserved 1048576K
}
Event: 4.523 GC heap before
{Heap before GC invocations=3 (full 0):
 garbage-first heap   total 131072K, used 70862K [0x0000000081c00000, 0x0000000100000000)
  region size 1024K, 58 young (59392K), 1 survivors (1024K)
 Metaspace       used 21266K, committed 21504K, reserved 1073152K
  class space    used 2227K, committed 2368K, reserved 1048576K
}
Event: 4.529 GC heap after
{Heap after GC invocations=4 (full 0):
 garbage-first heap   total 131072K, used 16500K [0x0000000081c00000, 0x0000000100000000)
  region size 1024K, 4 young (4096K), 4 survivors (4096K)
 Metaspace       used 21266K, committed 21504K, reserved 1073152K
  class space    used 2227K, committed 2368K, reserved 1048576K
}
Event: 6.576 GC heap before
{Heap before GC invocations=5 (full 0):
 garbage-first heap   total 61440K, used 47220K [0x0000000081c00000, 0x0000000100000000)
  region size 1024K, 35 young (35840K), 4 survivors (4096K)
 Metaspace       used 24924K, committed 25216K, reserved 1073152K
  class space    used 2711K, committed 2880K, reserved 1048576K
}
Event: 6.584 GC heap after
{Heap after GC invocations=6 (full 0):
 garbage-first heap   total 61440K, used 17413K [0x0000000081c00000, 0x0000000100000000)
  region size 1024K, 2 young (2048K), 2 survivors (2048K)
 Metaspace       used 24924K, committed 25216K, reserved 1073152K
  class space    used 2711K, committed 2880K, reserved 1048576K
}
Event: 7.210 GC heap before
{Heap before GC invocations=6 (full 0):
 garbage-first heap   total 61440K, used 38917K [0x0000000081c00000, 0x0000000100000000)
  region size 1024K, 24 young (24576K), 2 survivors (2048K)
 Metaspace       used 27260K, committed 27520K, reserved 1081344K
  class space    used 3006K, committed 3072K, reserved 1048576K
}
Event: 7.215 GC heap after
{Heap after GC invocations=7 (full 0):
 garbage-first heap   total 61440K, used 18447K [0x0000000081c00000, 0x0000000100000000)
  region size 1024K, 3 young (3072K), 3 survivors (3072K)
 Metaspace       used 27260K, committed 27520K, reserved 1081344K
  class space    used 3006K, committed 3072K, reserved 1048576K
}

