# JRE version: OpenJDK Runtime Environment Temurin-17.0.4.1+1 (17.0.4.1+1) (build 17.0.4.1+1)
# Java VM: OpenJDK 64-Bit Server VM Temurin-17.0.4.1+1 (17.0.4.1+1, mixed mode, tiered, compressed oops, compressed class ptrs, g1 gc, windows-amd64)
GC Precious Log:
 CPUs: 4 total, 4 available
 Memory: 8073M
 Large Page Support: Disabled
 NUMA Support: Disabled
 Compressed Oops: Enabled (32-bit)
 Heap Region Size: 1M
 Heap Min Capacity: 8M
 Heap Initial Capacity: 128M
 Heap Max Capacity: 2020M
 Pre-touch: Disabled
 Parallel Workers: 4
 Concurrent Workers: 1
 Concurrent Refinement Workers: 4
 Periodic GC: Disabled
Heap:
 garbage-first heap   total 65536K, used 30071K [0x0000000081c00000, 0x0000000100000000)
  region size 1024K, 14 young (14336K), 3 survivors (3072K)
 Metaspace       used 30817K, committed 31104K, reserved 1081344K
  class space    used 3608K, committed 3712K, reserved 1048576K
GC Heap History (14 events):
Event: 0.967 GC heap before
{Heap before GC invocations=0 (full 0):
 garbage-first heap   total 131072K, used 13312K [0x0000000081c00000, 0x0000000100000000)
  region size 1024K, 13 young (13312K), 0 survivors (0K)
 Metaspace       used 6368K, committed 6464K, reserved 1056768K
  class space    used 510K, committed 512K, reserved 1048576K
}
Event: 0.979 GC heap after
{Heap after GC invocations=1 (full 0):
 garbage-first heap   total 131072K, used 10953K [0x0000000081c00000, 0x0000000100000000)
  region size 1024K, 2 young (2048K), 2 survivors (2048K)
 Metaspace       used 6368K, committed 6464K, reserved 1056768K
  class space    used 510K, committed 512K, reserved 1048576K
}
Event: 1.436 GC heap before
{Heap before GC invocations=1 (full 0):
 garbage-first heap   total 131072K, used 17097K [0x0000000081c00000, 0x0000000100000000)
  region size 1024K, 9 young (9216K), 2 survivors (2048K)
 Metaspace       used 9883K, committed 9984K, reserved 1064960K
  class space    used 842K, committed 896K, reserved 1048576K
}
Event: 1.440 GC heap after
{Heap after GC invocations=2 (full 0):
 garbage-first heap   total 131072K, used 13312K [0x0000000081c00000, 0x0000000100000000)
  region size 1024K, 2 young (2048K), 2 survivors (2048K)
 Metaspace       used 9883K, committed 9984K, reserved 1064960K
  class space    used 842K, committed 896K, reserved 1048576K
}
Event: 1.860 GC heap before
{Heap before GC invocations=2 (full 0):
 garbage-first heap   total 131072K, used 27648K [0x0000000081c00000, 0x0000000100000000)
  region size 1024K, 16 young (16384K), 2 survivors (2048K)
 Metaspace       used 12629K, committed 12736K, reserved 1064960K
  class space    used 1168K, committed 1216K, reserved 1048576K
}
Event: 1.863 GC heap after
{Heap after GC invocations=3 (full 0):
 garbage-first heap   total 131072K, used 13999K [0x0000000081c00000, 0x0000000100000000)
  region size 1024K, 1 young (1024K), 1 survivors (1024K)
 Metaspace       used 12629K, committed 12736K, reserved 1064960K
  class space    used 1168K, committed 1216K, reserved 1048576K
}
Event: 3.468 GC heap before
{Heap before GC invocations=3 (full 0):
 garbage-first heap   total 131072K, used 71343K [0x0000000081c00000, 0x0000000100000000)
  region size 1024K, 58 young (59392K), 1 survivors (1024K)
 Metaspace       used 21317K, committed 21504K, reserved 1073152K
  class space    used 2247K, committed 2368K, reserved 1048576K
}
Event: 3.474 GC heap after
{Heap after GC invocations=4 (full 0):
 garbage-first heap   total 131072K, used 16782K [0x0000000081c00000, 0x0000000100000000)
  region size 1024K, 4 young (4096K), 4 survivors (4096K)
 Metaspace       used 21317K, committed 21504K, reserved 1073152K
  class space    used 2247K, committed 2368K, reserved 1048576K
}
Event: 4.882 GC heap before
{Heap before GC invocations=5 (full 0):
 garbage-first heap   total 65536K, used 50574K [0x0000000081c00000, 0x0000000100000000)
  region size 1024K, 38 young (38912K), 4 survivors (4096K)
 Metaspace       used 25187K, committed 25472K, reserved 1073152K
  class space    used 2769K, committed 2880K, reserved 1048576K
}
Event: 4.889 GC heap after
{Heap after GC invocations=6 (full 0):
 garbage-first heap   total 65536K, used 18050K [0x0000000081c00000, 0x0000000100000000)
  region size 1024K, 2 young (2048K), 2 survivors (2048K)
 Metaspace       used 25187K, committed 25472K, reserved 1073152K
  class space    used 2769K, committed 2880K, reserved 1048576K
}
Event: 5.559 GC heap before
{Heap before GC invocations=6 (full 0):
 garbage-first heap   total 65536K, used 41602K [0x0000000081c00000, 0x0000000100000000)
  region size 1024K, 26 young (26624K), 2 survivors (2048K)
 Metaspace       used 27837K, committed 28096K, reserved 1081344K
  class space    used 3110K, committed 3264K, reserved 1048576K
}
Event: 5.564 GC heap after
{Heap after GC invocations=7 (full 0):
 garbage-first heap   total 65536K, used 18852K [0x0000000081c00000, 0x0000000100000000)
  region size 1024K, 3 young (3072K), 3 survivors (3072K)
 Metaspace       used 27837K, committed 28096K, reserved 1081344K
  class space    used 3110K, committed 3264K, reserved 1048576K
}
Event: 6.651 GC heap before
{Heap before GC invocations=7 (full 0):
 garbage-first heap   total 65536K, used 44452K [0x0000000081c00000, 0x0000000100000000)
  region size 1024K, 28 young (28672K), 3 survivors (3072K)
 Metaspace       used 30108K, committed 30272K, reserved 1081344K
  class space    used 3456K, committed 3520K, reserved 1048576K
}
Event: 6.656 GC heap after
{Heap after GC invocations=8 (full 0):
 garbage-first heap   total 65536K, used 19831K [0x0000000081c00000, 0x0000000100000000)
  region size 1024K, 3 young (3072K), 3 survivors (3072K)
 Metaspace       used 30108K, committed 30272K, reserved 1081344K
  class space    used 3456K, committed 3520K, reserved 1048576K
}

