# JRE version: OpenJDK Runtime Environment Temurin-17.0.4.1+1 (17.0.4.1+1) (build 17.0.4.1+1)
# Java VM: OpenJDK 64-Bit Server VM Temurin-17.0.4.1+1 (17.0.4.1+1, mixed mode, tiered, compressed oops, compressed class ptrs, g1 gc, windows-amd64)
GC Precious Log:
 CPUs: 4 total, 4 available
 Memory: 8073M
 Large Page Support: Disabled
 NUMA Support: Disabled
 Compressed Oops: Enabled (32-bit)
 Heap Region Size: 1M
 Heap Min Capacity: 8M
 Heap Initial Capacity: 128M
 Heap Max Capacity: 2020M
 Pre-touch: Disabled
 Parallel Workers: 4
 Concurrent Workers: 1
 Concurrent Refinement Workers: 4
 Periodic GC: Disabled
Heap:
 garbage-first heap   total 144384K, used 56416K [0x0000000081c00000, 0x0000000100000000)
  region size 1024K, 12 young (12288K), 1 survivors (1024K)
 Metaspace       used 68160K, committed 68544K, reserved 1114112K
  class space    used 8594K, committed 8768K, reserved 1048576K
GC Heap History (20 events):
Event: 15.342 GC heap before
{Heap before GC invocations=21 (full 0):
 garbage-first heap   total 89088K, used 73678K [0x0000000081c00000, 0x0000000100000000)
  region size 1024K, 44 young (45056K), 5 survivors (5120K)
 Metaspace       used 50347K, committed 50624K, reserved 1097728K
  class space    used 6059K, committed 6208K, reserved 1048576K
}
Event: 15.352 GC heap after
{Heap after GC invocations=22 (full 0):
 garbage-first heap   total 89088K, used 35682K [0x0000000081c00000, 0x0000000100000000)
  region size 1024K, 5 young (5120K), 5 survivors (5120K)
 Metaspace       used 50347K, committed 50624K, reserved 1097728K
  class space    used 6059K, committed 6208K, reserved 1048576K
}
Event: 16.119 GC heap before
{Heap before GC invocations=22 (full 0):
 garbage-first heap   total 89088K, used 73570K [0x0000000081c00000, 0x0000000100000000)
  region size 1024K, 42 young (43008K), 5 survivors (5120K)
 Metaspace       used 53578K, committed 53888K, reserved 1097728K
  class space    used 6665K, committed 6784K, reserved 1048576K
}
Event: 16.128 GC heap after
{Heap after GC invocations=23 (full 0):
 garbage-first heap   total 89088K, used 36802K [0x0000000081c00000, 0x0000000100000000)
  region size 1024K, 4 young (4096K), 4 survivors (4096K)
 Metaspace       used 53578K, committed 53888K, reserved 1097728K
  class space    used 6665K, committed 6784K, reserved 1048576K
}
Event: 17.244 GC heap before
{Heap before GC invocations=23 (full 0):
 garbage-first heap   total 89088K, used 73666K [0x0000000081c00000, 0x0000000100000000)
  region size 1024K, 40 young (40960K), 4 survivors (4096K)
 Metaspace       used 55684K, committed 56064K, reserved 1105920K
  class space    used 6945K, committed 7168K, reserved 1048576K
}
Event: 17.251 GC heap after
{Heap after GC invocations=24 (full 0):
 garbage-first heap   total 89088K, used 37978K [0x0000000081c00000, 0x0000000100000000)
  region size 1024K, 3 young (3072K), 3 survivors (3072K)
 Metaspace       used 55684K, committed 56064K, reserved 1105920K
  class space    used 6945K, committed 7168K, reserved 1048576K
}
Event: 18.535 GC heap before
{Heap before GC invocations=24 (full 0):
 garbage-first heap   total 89088K, used 73818K [0x0000000081c00000, 0x0000000100000000)
  region size 1024K, 38 young (38912K), 3 survivors (3072K)
 Metaspace       used 57594K, committed 58048K, reserved 1105920K
  class space    used 7214K, committed 7424K, reserved 1048576K
}
Event: 18.543 GC heap after
{Heap after GC invocations=25 (full 0):
 garbage-first heap   total 89088K, used 40136K [0x0000000081c00000, 0x0000000100000000)
  region size 1024K, 5 young (5120K), 5 survivors (5120K)
 Metaspace       used 57594K, committed 58048K, reserved 1105920K
  class space    used 7214K, committed 7424K, reserved 1048576K
}
Event: 19.279 GC heap before
{Heap before GC invocations=25 (full 0):
 garbage-first heap   total 89088K, used 73928K [0x0000000081c00000, 0x0000000100000000)
  region size 1024K, 38 young (38912K), 5 survivors (5120K)
 Metaspace       used 59810K, committed 60224K, reserved 1105920K
  class space    used 7431K, committed 7616K, reserved 1048576K
}
Event: 19.290 GC heap after
{Heap after GC invocations=26 (full 0):
 garbage-first heap   total 89088K, used 41289K [0x0000000081c00000, 0x0000000100000000)
  region size 1024K, 4 young (4096K), 4 survivors (4096K)
 Metaspace       used 59810K, committed 60224K, reserved 1105920K
  class space    used 7431K, committed 7616K, reserved 1048576K
}
Event: 19.452 GC heap before
{Heap before GC invocations=26 (full 0):
 garbage-first heap   total 89088K, used 45385K [0x0000000081c00000, 0x0000000100000000)
  region size 1024K, 9 young (9216K), 4 survivors (4096K)
 Metaspace       used 59972K, committed 60288K, reserved 1105920K
  class space    used 7446K, committed 7616K, reserved 1048576K
}
Event: 19.457 GC heap after
{Heap after GC invocations=27 (full 0):
 garbage-first heap   total 89088K, used 41435K [0x0000000081c00000, 0x0000000100000000)
  region size 1024K, 2 young (2048K), 2 survivors (2048K)
 Metaspace       used 59972K, committed 60288K, reserved 1105920K
  class space    used 7446K, committed 7616K, reserved 1048576K
}
Event: 20.701 GC heap before
{Heap before GC invocations=28 (full 0):
 garbage-first heap   total 89088K, used 74203K [0x0000000081c00000, 0x0000000100000000)
  region size 1024K, 34 young (34816K), 2 survivors (2048K)
 Metaspace       used 61505K, committed 61888K, reserved 1105920K
  class space    used 7693K, committed 7872K, reserved 1048576K
}
Event: 20.707 GC heap after
{Heap after GC invocations=29 (full 0):
 garbage-first heap   total 89088K, used 43115K [0x0000000081c00000, 0x0000000100000000)
  region size 1024K, 3 young (3072K), 3 survivors (3072K)
 Metaspace       used 61505K, committed 61888K, reserved 1105920K
  class space    used 7693K, committed 7872K, reserved 1048576K
}
Event: 20.732 GC heap before
{Heap before GC invocations=29 (full 0):
 garbage-first heap   total 89088K, used 44139K [0x0000000081c00000, 0x0000000100000000)
  region size 1024K, 4 young (4096K), 3 survivors (3072K)
 Metaspace       used 61726K, committed 62208K, reserved 1105920K
  class space    used 7717K, committed 7936K, reserved 1048576K
}
Event: 20.738 GC heap after
{Heap after GC invocations=30 (full 0):
 garbage-first heap   total 89088K, used 42742K [0x0000000081c00000, 0x0000000100000000)
  region size 1024K, 1 young (1024K), 1 survivors (1024K)
 Metaspace       used 61726K, committed 62208K, reserved 1105920K
  class space    used 7717K, committed 7936K, reserved 1048576K
}
Event: 21.612 GC heap before
{Heap before GC invocations=30 (full 0):
 garbage-first heap   total 89088K, used 73462K [0x0000000081c00000, 0x0000000100000000)
  region size 1024K, 31 young (31744K), 1 survivors (1024K)
 Metaspace       used 64284K, committed 64704K, reserved 1105920K
  class space    used 8103K, committed 8320K, reserved 1048576K
}
Event: 21.615 GC heap after
{Heap after GC invocations=31 (full 0):
 garbage-first heap   total 89088K, used 43382K [0x0000000081c00000, 0x0000000100000000)
  region size 1024K, 2 young (2048K), 2 survivors (2048K)
 Metaspace       used 64284K, committed 64704K, reserved 1105920K
  class space    used 8103K, committed 8320K, reserved 1048576K
}
Event: 22.439 GC heap before
{Heap before GC invocations=32 (full 0):
 garbage-first heap   total 89088K, used 73078K [0x0000000081c00000, 0x0000000100000000)
  region size 1024K, 32 young (32768K), 2 survivors (2048K)
 Metaspace       used 67886K, committed 68288K, reserved 1114112K
  class space    used 8575K, committed 8768K, reserved 1048576K
}
Event: 22.446 GC heap after
{Heap after GC invocations=33 (full 0):
 garbage-first heap   total 89088K, used 46231K [0x0000000081c00000, 0x0000000100000000)
  region size 1024K, 4 young (4096K), 4 survivors (4096K)
 Metaspace       used 67886K, committed 68288K, reserved 1114112K
  class space    used 8575K, committed 8768K, reserved 1048576K
}

